PRT1
356
998
4 0 2 (-8200 -10240 -248 ) (-8200 -10240 1016 ) (-9216 -10240 1016 ) (-9216 -10240 -248 ) 
4 0 1 (-9216 -10184 -248 ) (-9216 -10240 -248 ) (-9216 -10240 1016 ) (-9216 -10184 1016 ) 
4 1 24 (-10240 -10240 -248 ) (-10240 -10240 1016 ) (-10240 -10184 1016 ) (-10240 -10184 -248 ) 
4 1 3 (-10240 -10240 1016 ) (-10240 -10240 -248 ) (-9216 -10240 -248 ) (-9216 -10240 1016 ) 
4 2 4 (-8200 -11264 -248 ) (-8200 -11264 1016 ) (-9216 -11264 1016 ) (-9216 -11264 -248 ) 
4 2 3 (-9216 -10240 1016 ) (-9216 -10240 -248 ) (-9216 -11264 -248 ) (-9216 -11264 1016 ) 
4 3 26 (-10240 -11264 -248 ) (-10240 -11264 1016 ) (-10240 -10240 1016 ) (-10240 -10240 -248 ) 
4 3 11 (-9216 -11264 -248 ) (-9216 -11264 160 ) (-10240 -11264 160 ) (-10240 -11264 -248 ) 
4 3 7 (-9984 -11264 352 ) (-10240 -11264 352 ) (-10240 -11264 160 ) (-9984 -11264 160 ) 
4 3 6 (-9216 -11264 160 ) (-9216 -11264 352 ) (-9984 -11264 352 ) (-9984 -11264 160 ) 
4 3 5 (-9216 -11264 352 ) (-9216 -11264 1016 ) (-10240 -11264 1016 ) (-10240 -11264 352 ) 
4 4 13 (-8200 -12288 -248 ) (-8200 -12288 1016 ) (-9216 -12288 1016 ) (-9216 -12288 -248 ) 
4 4 12 (-9216 -12288 -248 ) (-9216 -12288 128 ) (-9216 -11360 128 ) (-9216 -11360 -248 ) 
4 4 11 (-9216 -11360 160 ) (-9216 -11264 160 ) (-9216 -11264 -248 ) (-9216 -11360 -248 ) 
4 4 8 (-9216 -11968 352 ) (-9216 -11392 352 ) (-9216 -11392 160 ) (-9216 -11968 160 ) 
4 4 6 (-9216 -11392 352 ) (-9216 -11264 352 ) (-9216 -11264 160 ) (-9216 -11392 160 ) 
4 4 5 (-9216 -12288 352 ) (-9216 -12288 1016 ) (-9216 -11264 1016 ) (-9216 -11264 352 ) 
4 5 97 (-10240 -12288 352 ) (-10240 -12288 1016 ) (-10240 -11392 1016 ) (-10240 -11392 352 ) 
4 5 95 (-10240 -11392 1016 ) (-10240 -11264 1016 ) (-10240 -11264 352 ) (-10240 -11392 352 ) 
4 5 16 (-10240 -12288 1016 ) (-10240 -12288 352 ) (-9248 -12288 352 ) (-9248 -12288 1016 ) 
4 5 14 (-9248 -12288 352 ) (-9216 -12288 352 ) (-9216 -12288 1016 ) (-9248 -12288 1016 ) 
4 5 9 (-9248 -12288 352 ) (-10240 -12288 352 ) (-10240 -11392 352 ) (-9248 -11392 352 ) 
4 5 8 (-9248 -11968 352 ) (-9248 -11392 352 ) (-9216 -11392 352 ) (-9216 -11968 352 ) 
4 5 7 (-10240 -11360 352 ) (-10240 -11264 352 ) (-9984 -11264 352 ) (-9984 -11360 352 ) 
4 5 6 (-9984 -11264 352 ) (-9216 -11264 352 ) (-9216 -11392 352 ) (-9984 -11392 352 ) 
4 6 11 (-9984 -11264 160 ) (-9216 -11264 160 ) (-9216 -11360 160 ) (-9984 -11360 160 ) 
4 6 9 (-9248 -11392 336 ) (-9248 -11392 352 ) (-9984 -11392 352 ) (-9984 -11392 336 ) 
4 6 10 (-9984 -11392 160 ) (-9248 -11392 160 ) (-9248 -11392 320 ) (-9984 -11392 320 ) 
4 6 8 (-9248 -11392 160 ) (-9216 -11392 160 ) (-9216 -11392 352 ) (-9248 -11392 352 ) 
4 6 7 (-9984 -11264 160 ) (-9984 -11360 160 ) (-9984 -11360 352 ) (-9984 -11264 352 ) 
4 7 98 (-10240 -11264 320 ) (-10240 -11264 160 ) (-10240 -11360 160 ) (-10240 -11360 320 ) 
4 7 96 (-10240 -11360 352 ) (-10240 -11264 352 ) (-10240 -11264 320 ) (-10240 -11360 320 ) 
4 7 11 (-10240 -11264 160 ) (-9984 -11264 160 ) (-9984 -11360 160 ) (-10240 -11360 160 ) 
4 8 9 (-9248 -11392 352 ) (-9248 -11392 336 ) (-9248 -11968 336 ) (-9248 -11968 352 ) 
4 8 10 (-9248 -11392 320 ) (-9248 -11392 160 ) (-9248 -11968 160 ) (-9248 -11968 320 ) 
4 9 97 (-10240 -12288 336 ) (-10240 -12288 352 ) (-10240 -11392 352 ) (-10240 -11392 336 ) 
4 9 16 (-10240 -12288 352 ) (-10240 -12288 336 ) (-9248 -12288 336 ) (-9248 -12288 352 ) 
4 10 101 (-10240 -12288 160 ) (-10240 -12288 320 ) (-10240 -11520 320 ) (-10240 -11520 160 ) 
4 10 99 (-10240 -11520 320 ) (-10240 -11392 320 ) (-10240 -11392 160 ) (-10240 -11520 160 ) 
4 10 18 (-10240 -12288 320 ) (-10240 -12288 160 ) (-9248 -12288 160 ) (-9248 -12288 320 ) 
4 11 103 (-10240 -11264 128 ) (-10240 -11264 -248 ) (-10240 -11360 -248 ) (-10240 -11360 128 ) 
4 11 102 (-10240 -11360 160 ) (-10240 -11264 160 ) (-10240 -11264 128 ) (-10240 -11360 128 ) 
4 11 12 (-10240 -11360 -248 ) (-9216 -11360 -248 ) (-9216 -11360 128 ) (-10240 -11360 128 ) 
4 12 103 (-10240 -12288 -248 ) (-10240 -12288 128 ) (-10240 -11360 128 ) (-10240 -11360 -248 ) 
4 12 20 (-10240 -12288 128 ) (-10240 -12288 -248 ) (-9216 -12288 -248 ) (-9216 -12288 128 ) 
4 13 22 (-8200 -13312 -248 ) (-8200 -13312 1016 ) (-9216 -13312 1016 ) (-9216 -13312 -248 ) 
4 13 20 (-9216 -12288 128 ) (-9216 -12288 -248 ) (-9216 -13248 -248 ) (-9216 -13248 128 ) 
4 13 21 (-9216 -13248 -248 ) (-9216 -13312 -248 ) (-9216 -13312 160 ) (-9216 -13248 160 ) 
4 13 15 (-9216 -13248 160 ) (-9216 -13312 160 ) (-9216 -13312 352 ) (-9216 -13248 352 ) 
4 13 14 (-9216 -12288 1016 ) (-9216 -12288 352 ) (-9216 -13312 352 ) (-9216 -13312 1016 ) 
4 14 23 (-9216 -13312 352 ) (-9216 -13312 1016 ) (-9248 -13312 1016 ) (-9248 -13312 352 ) 
4 14 16 (-9248 -12288 1016 ) (-9248 -12288 352 ) (-9248 -13248 352 ) (-9248 -13248 1016 ) 
4 14 17 (-9248 -13248 352 ) (-9248 -13312 352 ) (-9248 -13312 1016 ) (-9248 -13248 1016 ) 
4 14 15 (-9248 -13312 352 ) (-9248 -13248 352 ) (-9216 -13248 352 ) (-9216 -13312 352 ) 
4 15 23 (-9248 -13312 160 ) (-9216 -13312 160 ) (-9216 -13312 352 ) (-9248 -13312 352 ) 
4 15 21 (-9216 -13248 160 ) (-9216 -13312 160 ) (-9248 -13312 160 ) (-9248 -13248 160 ) 
4 15 19 (-9248 -13248 160 ) (-9248 -13312 160 ) (-9248 -13312 320 ) (-9248 -13248 320 ) 
4 15 17 (-9248 -13312 320 ) (-9248 -13312 352 ) (-9248 -13248 352 ) (-9248 -13248 320 ) 
4 16 139 (-10240 -13248 1016 ) (-10240 -12288 1016 ) (-10240 -12288 336 ) (-10240 -13248 336 ) 
4 16 17 (-9248 -13248 336 ) (-9248 -13248 1016 ) (-10240 -13248 1016 ) (-10240 -13248 336 ) 
4 17 140 (-10240 -13312 320 ) (-10240 -13312 336 ) (-10240 -13248 336 ) (-10240 -13248 320 ) 
4 17 139 (-10240 -13312 336 ) (-10240 -13312 1016 ) (-10240 -13248 1016 ) (-10240 -13248 336 ) 
4 17 23 (-10240 -13312 1016 ) (-10240 -13312 320 ) (-9248 -13312 320 ) (-9248 -13312 1016 ) 
4 17 19 (-9248 -13248 320 ) (-9248 -13312 320 ) (-10240 -13312 320 ) (-10240 -13248 320 ) 
4 18 146 (-10240 -13216 320 ) (-10240 -12608 320 ) (-10240 -12608 160 ) (-10240 -13216 160 ) 
4 18 143 (-10240 -12608 320 ) (-10240 -12288 320 ) (-10240 -12288 160 ) (-10240 -12608 160 ) 
4 19 151 (-10240 -13312 160 ) (-10240 -13312 320 ) (-10240 -13248 320 ) (-10240 -13248 160 ) 
4 19 23 (-10240 -13312 320 ) (-10240 -13312 160 ) (-9248 -13312 160 ) (-9248 -13312 320 ) 
4 19 21 (-9248 -13312 160 ) (-10240 -13312 160 ) (-10240 -13248 160 ) (-9248 -13248 160 ) 
4 20 153 (-10240 -12288 128 ) (-10240 -12288 -248 ) (-10240 -13248 -248 ) (-10240 -13248 128 ) 
4 20 21 (-10240 -13248 -248 ) (-9216 -13248 -248 ) (-9216 -13248 128 ) (-10240 -13248 128 ) 
4 21 153 (-10240 -13312 -248 ) (-10240 -13312 128 ) (-10240 -13248 128 ) (-10240 -13248 -248 ) 
4 21 152 (-10240 -13312 128 ) (-10240 -13312 160 ) (-10240 -13248 160 ) (-10240 -13248 128 ) 
4 21 23 (-10240 -13312 160 ) (-10240 -13312 -248 ) (-9216 -13312 -248 ) (-9216 -13312 160 ) 
4 22 23 (-9216 -13312 1016 ) (-9216 -13312 -248 ) (-9216 -14248 -248 ) (-9216 -14248 1016 ) 
4 23 211 (-10240 -14248 -248 ) (-10240 -14248 1016 ) (-10240 -13312 1016 ) (-10240 -13312 -248 ) 
4 24 26 (-10240 -10240 -248 ) (-10240 -10240 1016 ) (-11264 -10240 1016 ) (-11264 -10240 -248 ) 
4 24 25 (-11264 -10240 -248 ) (-11264 -10240 1016 ) (-11264 -10184 1016 ) (-11264 -10184 -248 ) 
4 25 38 (-12288 -10240 -248 ) (-12288 -10240 1016 ) (-12288 -10184 1016 ) (-12288 -10184 -248 ) 
4 25 37 (-12288 -10240 -32 ) (-12288 -10240 -248 ) (-11264 -10240 -248 ) (-11264 -10240 -32 ) 
4 25 36 (-12288 -10240 0 ) (-12288 -10240 -32 ) (-11616 -10240 -32 ) (-11616 -10240 0 ) 
4 25 35 (-11616 -10240 -32 ) (-11264 -10240 -32 ) (-11264 -10240 0 ) (-11616 -10240 0 ) 
4 25 32 (-12064 -10240 0 ) (-11744 -10240 0 ) (-11744 -10240 128 ) (-12064 -10240 128 ) 
4 25 34 (-12288 -10240 128 ) (-12288 -10240 0 ) (-12064 -10240 0 ) (-12064 -10240 128 ) 
4 25 31 (-11744 -10240 0 ) (-11616 -10240 0 ) (-11616 -10240 128 ) (-11744 -10240 128 ) 
4 25 30 (-11616 -10240 0 ) (-11264 -10240 0 ) (-11264 -10240 128 ) (-11616 -10240 128 ) 
4 25 28 (-12288 -10240 1016 ) (-12288 -10240 128 ) (-11616 -10240 128 ) (-11616 -10240 1016 ) 
4 25 27 (-11616 -10240 128 ) (-11264 -10240 128 ) (-11264 -10240 1016 ) (-11616 -10240 1016 ) 
4 26 110 (-11264 -11264 160 ) (-11264 -11264 -248 ) (-10880 -11264 -248 ) (-10880 -11264 160 ) 
4 26 107 (-11264 -11264 320 ) (-11264 -11264 160 ) (-10880 -11264 160 ) (-10880 -11264 320 ) 
4 26 105 (-11264 -11264 352 ) (-11264 -11264 320 ) (-10880 -11264 320 ) (-10880 -11264 352 ) 
4 26 104 (-10880 -11264 1016 ) (-11264 -11264 1016 ) (-11264 -11264 352 ) (-10880 -11264 352 ) 
4 26 103 (-10240 -11264 -248 ) (-10240 -11264 128 ) (-10880 -11264 128 ) (-10880 -11264 -248 ) 
4 26 102 (-10240 -11264 128 ) (-10240 -11264 160 ) (-10880 -11264 160 ) (-10880 -11264 128 ) 
4 26 98 (-10240 -11264 160 ) (-10240 -11264 320 ) (-10880 -11264 320 ) (-10880 -11264 160 ) 
4 26 96 (-10240 -11264 320 ) (-10240 -11264 352 ) (-10880 -11264 352 ) (-10880 -11264 320 ) 
4 26 95 (-10240 -11264 352 ) (-10240 -11264 1016 ) (-10880 -11264 1016 ) (-10880 -11264 352 ) 
4 26 37 (-11264 -10240 -32 ) (-11264 -10240 -248 ) (-11264 -11264 -248 ) (-11264 -11264 -32 ) 
4 26 35 (-11264 -10240 0 ) (-11264 -10240 -32 ) (-11264 -11264 -32 ) (-11264 -11264 0 ) 
4 26 30 (-11264 -10240 128 ) (-11264 -10240 0 ) (-11264 -11264 0 ) (-11264 -11264 128 ) 
4 26 27 (-11264 -10240 1016 ) (-11264 -10240 128 ) (-11264 -11264 128 ) (-11264 -11264 1016 ) 
4 27 133 (-11264 -11264 128 ) (-11264 -11264 160 ) (-11616 -11264 160 ) (-11616 -11264 128 ) 
4 27 116 (-11264 -11264 160 ) (-11264 -11264 320 ) (-11616 -11264 320 ) (-11616 -11264 160 ) 
4 27 113 (-11264 -11264 320 ) (-11264 -11264 1016 ) (-11616 -11264 1016 ) (-11616 -11264 320 ) 
4 27 30 (-11616 -10240 128 ) (-11264 -10240 128 ) (-11264 -11264 128 ) (-11616 -11264 128 ) 
4 27 29 (-11616 -11264 160 ) (-11616 -11264 1016 ) (-11616 -11200 1016 ) (-11616 -11200 160 ) 
4 27 28 (-11616 -10240 128 ) (-11616 -11200 128 ) (-11616 -11200 1016 ) (-11616 -10240 1016 ) 
4 28 40 (-12288 -10240 160 ) (-12288 -10240 128 ) (-12288 -11200 128 ) (-12288 -11200 160 ) 
4 28 39 (-12288 -11200 1016 ) (-12288 -10240 1016 ) (-12288 -10240 160 ) (-12288 -11200 160 ) 
4 28 32 (-12064 -10240 128 ) (-11744 -10240 128 ) (-11744 -11200 128 ) (-12064 -11200 128 ) 
4 28 34 (-12288 -11200 128 ) (-12288 -10240 128 ) (-12064 -10240 128 ) (-12064 -11200 128 ) 
4 28 31 (-11744 -10240 128 ) (-11616 -10240 128 ) (-11616 -11200 128 ) (-11744 -11200 128 ) 
4 28 29 (-11616 -11200 160 ) (-11616 -11200 1016 ) (-12288 -11200 1016 ) (-12288 -11200 160 ) 
4 29 127 (-12288 -11264 288 ) (-12288 -11264 160 ) (-12000 -11264 160 ) (-12000 -11264 288 ) 
4 29 123 (-12288 -11264 320 ) (-12288 -11264 288 ) (-12000 -11264 288 ) (-12000 -11264 320 ) 
4 29 119 (-12000 -11264 1016 ) (-12288 -11264 1016 ) (-12288 -11264 320 ) (-12000 -11264 320 ) 
4 29 116 (-12000 -11264 320 ) (-12000 -11264 160 ) (-11616 -11264 160 ) (-11616 -11264 320 ) 
4 29 113 (-11616 -11264 1016 ) (-12000 -11264 1016 ) (-12000 -11264 320 ) (-11616 -11264 320 ) 
4 29 39 (-12288 -11264 160 ) (-12288 -11264 1016 ) (-12288 -11200 1016 ) (-12288 -11200 160 ) 
4 30 135 (-11264 -11264 0 ) (-11264 -11264 128 ) (-11616 -11264 128 ) (-11616 -11264 0 ) 
4 30 35 (-11264 -11264 0 ) (-11616 -11264 0 ) (-11616 -10240 0 ) (-11264 -10240 0 ) 
4 30 31 (-11616 -10240 0 ) (-11616 -11200 0 ) (-11616 -11200 128 ) (-11616 -10240 128 ) 
4 31 36 (-11744 -11200 0 ) (-11744 -10240 0 ) (-11616 -10240 0 ) (-11616 -11200 0 ) 
4 31 32 (-11744 -10240 0 ) (-11744 -11200 0 ) (-11744 -11200 128 ) (-11744 -10240 128 ) 
4 32 36 (-12064 -11200 0 ) (-12064 -10240 0 ) (-11744 -10240 0 ) (-11744 -11200 0 ) 
4 32 34 (-12064 -10240 0 ) (-12064 -11200 0 ) (-12064 -11200 128 ) (-12064 -10240 128 ) 
4 33 136 (-11744 -11264 128 ) (-12064 -11264 128 ) (-12064 -11264 0 ) (-11744 -11264 0 ) 
4 33 34 (-12064 -11232 0 ) (-12064 -11264 0 ) (-12064 -11264 128 ) (-12064 -11232 128 ) 
4 34 136 (-12064 -11264 128 ) (-12288 -11264 128 ) (-12288 -11264 0 ) (-12064 -11264 0 ) 
4 34 45 (-12288 -11264 0 ) (-12288 -11264 128 ) (-12288 -11232 128 ) (-12288 -11232 0 ) 
4 34 42 (-12288 -11232 128 ) (-12288 -11200 128 ) (-12288 -11200 0 ) (-12288 -11232 0 ) 
4 34 41 (-12288 -11200 128 ) (-12288 -10240 128 ) (-12288 -10240 0 ) (-12288 -11200 0 ) 
4 34 36 (-12288 -11200 0 ) (-12288 -10240 0 ) (-12064 -10240 0 ) (-12064 -11200 0 ) 
4 35 137 (-11264 -11264 -32 ) (-11264 -11264 0 ) (-11616 -11264 0 ) (-11616 -11264 -32 ) 
4 35 37 (-11616 -10240 -32 ) (-11264 -10240 -32 ) (-11264 -11264 -32 ) (-11616 -11264 -32 ) 
4 35 36 (-11616 -10240 -32 ) (-11616 -11200 -32 ) (-11616 -11200 0 ) (-11616 -10240 0 ) 
4 36 46 (-12288 -11200 0 ) (-12288 -10240 0 ) (-12288 -10240 -32 ) (-12288 -11200 -32 ) 
4 36 37 (-12288 -11200 -32 ) (-12288 -10240 -32 ) (-11616 -10240 -32 ) (-11616 -11200 -32 ) 
4 37 138 (-11616 -11264 -32 ) (-12288 -11264 -32 ) (-12288 -11264 -248 ) (-11616 -11264 -248 ) 
4 37 137 (-11264 -11264 -248 ) (-11264 -11264 -32 ) (-11616 -11264 -32 ) (-11616 -11264 -248 ) 
4 37 47 (-12288 -11264 -248 ) (-12288 -11264 -32 ) (-12288 -11200 -32 ) (-12288 -11200 -248 ) 
4 37 46 (-12288 -11200 -32 ) (-12288 -10240 -32 ) (-12288 -10240 -248 ) (-12288 -11200 -248 ) 
4 38 48 (-13312 -10240 -248 ) (-13312 -10240 1016 ) (-13312 -10184 1016 ) (-13312 -10184 -248 ) 
4 38 46 (-12288 -10240 -248 ) (-12288 -10240 0 ) (-13312 -10240 0 ) (-13312 -10240 -248 ) 
4 38 41 (-12288 -10240 0 ) (-12288 -10240 128 ) (-13312 -10240 128 ) (-13312 -10240 0 ) 
4 38 40 (-12288 -10240 128 ) (-12288 -10240 160 ) (-13312 -10240 160 ) (-13312 -10240 128 ) 
4 38 39 (-12288 -10240 160 ) (-12288 -10240 1016 ) (-13312 -10240 1016 ) (-13312 -10240 160 ) 
4 39 219 (-12288 -11264 160 ) (-12288 -11264 320 ) (-13312 -11264 320 ) (-13312 -11264 160 ) 
4 39 216 (-12608 -11264 352 ) (-13280 -11264 352 ) (-13280 -11264 320 ) (-12608 -11264 320 ) 
4 39 218 (-13280 -11264 352 ) (-13312 -11264 352 ) (-13312 -11264 320 ) (-13280 -11264 320 ) 
4 39 214 (-12288 -11264 320 ) (-12288 -11264 352 ) (-12608 -11264 352 ) (-12608 -11264 320 ) 
4 39 213 (-12288 -11264 352 ) (-12288 -11264 1016 ) (-13312 -11264 1016 ) (-13312 -11264 352 ) 
4 39 51 (-13312 -11264 160 ) (-13312 -11264 320 ) (-13312 -10240 320 ) (-13312 -10240 160 ) 
4 39 50 (-13312 -10720 352 ) (-13312 -10240 352 ) (-13312 -10240 320 ) (-13312 -10720 320 ) 
4 39 49 (-13312 -11264 352 ) (-13312 -11264 1016 ) (-13312 -10240 1016 ) (-13312 -10240 352 ) 
4 39 40 (-13312 -11200 160 ) (-13312 -10240 160 ) (-12288 -10240 160 ) (-12288 -11200 160 ) 
4 40 53 (-13312 -11200 160 ) (-13312 -10240 160 ) (-13312 -10240 128 ) (-13312 -11200 128 ) 
4 40 41 (-12288 -10240 128 ) (-12288 -11200 128 ) (-13312 -11200 128 ) (-13312 -10240 128 ) 
4 41 53 (-13312 -11200 128 ) (-13312 -10240 128 ) (-13312 -10240 0 ) (-13312 -11200 0 ) 
4 41 46 (-13312 -11200 0 ) (-13312 -10240 0 ) (-12288 -10240 0 ) (-12288 -11200 0 ) 
4 41 43 (-12704 -11200 0 ) (-12576 -11200 0 ) (-12576 -11200 128 ) (-12704 -11200 128 ) 
4 41 44 (-13120 -11200 0 ) (-12864 -11200 0 ) (-12864 -11200 128 ) (-13120 -11200 128 ) 
4 41 42 (-12416 -11200 0 ) (-12288 -11200 0 ) (-12288 -11200 128 ) (-12416 -11200 128 ) 
4 42 45 (-12416 -11232 0 ) (-12288 -11232 0 ) (-12288 -11232 128 ) (-12416 -11232 128 ) 
4 43 45 (-12704 -11232 0 ) (-12576 -11232 0 ) (-12576 -11232 128 ) (-12704 -11232 128 ) 
4 44 45 (-13120 -11232 0 ) (-12864 -11232 0 ) (-12864 -11232 128 ) (-13120 -11232 128 ) 
4 45 229 (-12288 -11264 0 ) (-12288 -11264 128 ) (-13152 -11264 128 ) (-13152 -11264 0 ) 
4 46 94 (-13312 -10240 -16 ) (-13312 -10240 -248 ) (-13312 -11200 -248 ) (-13312 -11200 -16 ) 
4 46 91 (-13312 -11200 0 ) (-13312 -10240 0 ) (-13312 -10240 -16 ) (-13312 -11200 -16 ) 
4 46 47 (-13312 -11200 -248 ) (-12288 -11200 -248 ) (-12288 -11200 -32 ) (-13312 -11200 -32 ) 
4 47 230 (-12288 -11264 -248 ) (-12288 -11264 -32 ) (-13312 -11264 -32 ) (-13312 -11264 -248 ) 
4 47 94 (-13312 -11264 -248 ) (-13312 -11264 -32 ) (-13312 -11200 -32 ) (-13312 -11200 -248 ) 
4 48 94 (-13312 -10240 -248 ) (-13312 -10240 -16 ) (-14312 -10240 -16 ) (-14312 -10240 -248 ) 
4 48 92 (-13344 -10240 0 ) (-14160 -10240 0 ) (-14160 -10240 -16 ) (-13344 -10240 -16 ) 
4 48 91 (-13312 -10240 -16 ) (-13312 -10240 0 ) (-13344 -10240 0 ) (-13344 -10240 -16 ) 
4 48 93 (-14160 -10240 0 ) (-14312 -10240 0 ) (-14312 -10240 -16 ) (-14160 -10240 -16 ) 
4 48 90 (-14312 -10240 320 ) (-14312 -10240 0 ) (-14160 -10240 0 ) (-14160 -10240 320 ) 
4 48 88 (-14160 -10240 0 ) (-14128 -10240 0 ) (-14128 -10240 320 ) (-14160 -10240 320 ) 
4 48 79 (-13728 -10240 0 ) (-13376 -10240 0 ) (-13376 -10240 128 ) (-13728 -10240 128 ) 
4 48 81 (-14128 -10240 0 ) (-13728 -10240 0 ) (-13728 -10240 128 ) (-14128 -10240 128 ) 
4 48 75 (-13664 -10240 144 ) (-14128 -10240 144 ) (-14128 -10240 128 ) (-13664 -10240 128 ) 
4 48 74 (-13376 -10240 128 ) (-13376 -10240 144 ) (-13664 -10240 144 ) (-13664 -10240 128 ) 
4 48 70 (-13376 -10240 144 ) (-13376 -10240 160 ) (-14128 -10240 160 ) (-14128 -10240 144 ) 
4 48 66 (-13840 -10240 320 ) (-13872 -10240 320 ) (-13872 -10240 160 ) (-13840 -10240 160 ) 
4 48 67 (-13872 -10240 320 ) (-14128 -10240 320 ) (-14128 -10240 160 ) (-13872 -10240 160 ) 
4 48 64 (-13376 -10240 160 ) (-13376 -10240 320 ) (-13840 -10240 320 ) (-13840 -10240 160 ) 
4 48 61 (-13872 -10240 1016 ) (-14096 -10240 1016 ) (-14096 -10240 320 ) (-13872 -10240 320 ) 
4 48 63 (-14096 -10240 1016 ) (-14312 -10240 1016 ) (-14312 -10240 320 ) (-14096 -10240 320 ) 
4 48 59 (-13376 -10240 1016 ) (-13872 -10240 1016 ) (-13872 -10240 320 ) (-13376 -10240 320 ) 
4 48 54 (-13344 -10240 160 ) (-13376 -10240 160 ) (-13376 -10240 0 ) (-13344 -10240 0 ) 
4 48 53 (-13312 -10240 0 ) (-13312 -10240 160 ) (-13344 -10240 160 ) (-13344 -10240 0 ) 
4 48 52 (-13344 -10240 320 ) (-13376 -10240 320 ) (-13376 -10240 160 ) (-13344 -10240 160 ) 
4 48 51 (-13312 -10240 160 ) (-13312 -10240 320 ) (-13344 -10240 320 ) (-13344 -10240 160 ) 
4 48 50 (-13312 -10240 320 ) (-13312 -10240 352 ) (-13376 -10240 352 ) (-13376 -10240 320 ) 
4 48 49 (-13312 -10240 352 ) (-13312 -10240 1016 ) (-13376 -10240 1016 ) (-13376 -10240 352 ) 
4 49 260 (-13312 -11264 352 ) (-13312 -11264 1016 ) (-13376 -11264 1016 ) (-13376 -11264 352 ) 
4 49 60 (-13376 -10720 352 ) (-13376 -11264 352 ) (-13376 -11264 1016 ) (-13376 -10720 1016 ) 
4 49 59 (-13376 -10240 1016 ) (-13376 -10240 352 ) (-13376 -10720 352 ) (-13376 -10720 1016 ) 
4 49 50 (-13376 -10720 352 ) (-13376 -10240 352 ) (-13312 -10240 352 ) (-13312 -10720 352 ) 
4 50 59 (-13376 -10240 352 ) (-13376 -10240 320 ) (-13376 -10720 320 ) (-13376 -10720 352 ) 
4 50 52 (-13376 -10720 320 ) (-13376 -10240 320 ) (-13344 -10240 320 ) (-13344 -10720 320 ) 
4 50 51 (-13344 -10240 320 ) (-13312 -10240 320 ) (-13312 -10720 320 ) (-13344 -10720 320 ) 
4 51 264 (-13312 -11264 160 ) (-13312 -11264 320 ) (-13344 -11264 320 ) (-13344 -11264 160 ) 
4 51 53 (-13344 -10240 160 ) (-13312 -10240 160 ) (-13312 -11264 160 ) (-13344 -11264 160 ) 
4 51 52 (-13344 -10240 160 ) (-13344 -10720 160 ) (-13344 -10720 320 ) (-13344 -10240 320 ) 
4 52 64 (-13376 -10240 320 ) (-13376 -10240 160 ) (-13376 -10720 160 ) (-13376 -10720 320 ) 
4 52 55 (-13376 -10512 160 ) (-13376 -10480 160 ) (-13344 -10480 160 ) (-13344 -10512 160 ) 
4 52 54 (-13376 -10480 160 ) (-13376 -10240 160 ) (-13344 -10240 160 ) (-13344 -10480 160 ) 
4 53 276 (-13312 -11264 0 ) (-13312 -11264 160 ) (-13344 -11264 160 ) (-13344 -11264 0 ) 
4 53 91 (-13344 -10240 0 ) (-13312 -10240 0 ) (-13312 -11264 0 ) (-13344 -11264 0 ) 
4 53 58 (-13344 -11120 0 ) (-13344 -11136 0 ) (-13344 -11136 160 ) (-13344 -11120 160 ) 
4 53 57 (-13344 -11120 144 ) (-13344 -11120 160 ) (-13344 -10976 160 ) (-13344 -10976 144 ) 
4 53 56 (-13344 -10960 0 ) (-13344 -10976 0 ) (-13344 -10976 160 ) (-13344 -10960 160 ) 
4 53 55 (-13344 -10512 128 ) (-13344 -10512 160 ) (-13344 -10480 160 ) (-13344 -10480 128 ) 
4 53 54 (-13344 -10240 0 ) (-13344 -10480 0 ) (-13344 -10480 160 ) (-13344 -10240 160 ) 
4 54 92 (-13376 -10240 0 ) (-13344 -10240 0 ) (-13344 -10480 0 ) (-13376 -10480 0 ) 
4 54 79 (-13376 -10240 128 ) (-13376 -10240 0 ) (-13376 -10480 0 ) (-13376 -10480 128 ) 
4 54 74 (-13376 -10240 144 ) (-13376 -10240 128 ) (-13376 -10480 128 ) (-13376 -10480 144 ) 
4 54 70 (-13376 -10240 160 ) (-13376 -10240 144 ) (-13376 -10480 144 ) (-13376 -10480 160 ) 
4 54 55 (-13344 -10480 128 ) (-13344 -10480 160 ) (-13376 -10480 160 ) (-13376 -10480 128 ) 
4 56 77 (-13376 -10976 128 ) (-13376 -10976 144 ) (-13376 -10960 144 ) (-13376 -10960 128 ) 
4 56 57 (-13344 -10976 144 ) (-13344 -10976 160 ) (-13376 -10976 160 ) (-13376 -10976 144 ) 
4 57 58 (-13344 -11120 144 ) (-13344 -11120 160 ) (-13376 -11120 160 ) (-13376 -11120 144 ) 
4 58 83 (-13376 -11136 128 ) (-13376 -11136 144 ) (-13376 -11120 144 ) (-13376 -11120 128 ) 
4 59 66 (-13872 -10240 320 ) (-13840 -10240 320 ) (-13840 -10720 320 ) (-13872 -10720 320 ) 
4 59 64 (-13840 -10240 320 ) (-13376 -10240 320 ) (-13376 -10720 320 ) (-13840 -10720 320 ) 
4 59 61 (-13872 -10240 320 ) (-13872 -10720 320 ) (-13872 -10720 1016 ) (-13872 -10240 1016 ) 
4 59 60 (-13872 -10720 1016 ) (-13872 -10720 352 ) (-13376 -10720 352 ) (-13376 -10720 1016 ) 
4 60 260 (-13376 -11264 352 ) (-13376 -11264 1016 ) (-13872 -11264 1016 ) (-13872 -11264 352 ) 
4 60 62 (-13872 -11264 352 ) (-13872 -11264 1016 ) (-13872 -10896 1016 ) (-13872 -10896 352 ) 
4 60 61 (-13872 -10896 1016 ) (-13872 -10720 1016 ) (-13872 -10720 352 ) (-13872 -10896 352 ) 
4 61 67 (-14096 -10240 320 ) (-13872 -10240 320 ) (-13872 -10896 320 ) (-14096 -10896 320 ) 
4 61 62 (-14096 -10896 1016 ) (-14096 -10896 352 ) (-13872 -10896 352 ) (-13872 -10896 1016 ) 
4 61 63 (-14096 -10240 320 ) (-14096 -10896 320 ) (-14096 -10896 1016 ) (-14096 -10240 1016 ) 
4 62 260 (-13872 -11264 352 ) (-13872 -11264 1016 ) (-14096 -11264 1016 ) (-14096 -11264 352 ) 
4 62 63 (-14096 -11264 352 ) (-14096 -11264 1016 ) (-14096 -10896 1016 ) (-14096 -10896 352 ) 
4 63 263 (-14312 -11264 320 ) (-14096 -11264 320 ) (-14096 -11264 352 ) (-14312 -11264 352 ) 
4 63 260 (-14096 -11264 352 ) (-14096 -11264 1016 ) (-14312 -11264 1016 ) (-14312 -11264 352 ) 
4 63 90 (-14312 -10240 320 ) (-14160 -10240 320 ) (-14160 -11264 320 ) (-14312 -11264 320 ) 
4 63 89 (-14128 -10912 320 ) (-14128 -11264 320 ) (-14160 -11264 320 ) (-14160 -10912 320 ) 
4 63 88 (-14160 -10240 320 ) (-14128 -10240 320 ) (-14128 -10912 320 ) (-14160 -10912 320 ) 
4 63 69 (-14096 -10896 320 ) (-14096 -11264 320 ) (-14128 -11264 320 ) (-14128 -10896 320 ) 
4 63 67 (-14128 -10240 320 ) (-14096 -10240 320 ) (-14096 -10896 320 ) (-14128 -10896 320 ) 
3 64 71 (-13840 -10496.762695 160 ) (-13840 -10480 160 ) (-13824 -10480 160 ) 
4 64 70 (-13840 -10240 160 ) (-13376 -10240 160 ) (-13376 -10480 160 ) (-13840 -10480 160 ) 
4 64 66 (-13840 -10240 160 ) (-13840 -10720 160 ) (-13840 -10720 320 ) (-13840 -10240 320 ) 
4 65 267 (-13376 -11264 160 ) (-13376 -11264 320 ) (-13840 -11264 320 ) (-13840 -11264 160 ) 
4 65 73 (-13488 -11136 160 ) (-13664 -11136 160 ) (-13664 -10960 160 ) (-13488 -10960 160 ) 
4 65 72 (-13488 -11120 160 ) (-13488 -10976 160 ) (-13456 -10976 160 ) (-13456 -11120 160 ) 
4 65 68 (-13840 -10928 160 ) (-13840 -11264 160 ) (-13840 -11264 320 ) (-13840 -10928 320 ) 
4 66 71 (-13840 -10480 160 ) (-13840 -10496.762695 160 ) (-13872 -10530.289063 160 ) (-13872 -10480 160 ) 
4 66 70 (-13872 -10240 160 ) (-13840 -10240 160 ) (-13840 -10480 160 ) (-13872 -10480 160 ) 
4 66 67 (-13872 -10240 160 ) (-13872 -10720 160 ) (-13872 -10720 320 ) (-13872 -10240 320 ) 
4 67 88 (-14128 -10896 320 ) (-14128 -10240 320 ) (-14128 -10240 160 ) (-14128 -10896 160 ) 
4 67 71 (-14128 -10798.500000 160 ) (-14128 -10480 160 ) (-13872 -10480 160 ) (-13872 -10530.289063 160 ) 
4 67 70 (-14128 -10480 160 ) (-14128 -10240 160 ) (-13872 -10240 160 ) (-13872 -10480 160 ) 
4 67 69 (-14128 -10896 320 ) (-14128 -10896 160 ) (-14096 -10896 160 ) (-14096 -10896 320 ) 
4 68 267 (-13840 -11264 320 ) (-14064 -11264 320 ) (-14064 -11264 160 ) (-13840 -11264 160 ) 
4 69 268 (-14096 -11264 320 ) (-14128 -11264 320 ) (-14128 -11264 160 ) (-14096 -11264 160 ) 
4 69 89 (-14128 -11264 176 ) (-14128 -11264 320 ) (-14128 -10912 320 ) (-14128 -10912 176 ) 
4 69 88 (-14128 -10912 320 ) (-14128 -10896 320 ) (-14128 -10896 160 ) (-14128 -10912 160 ) 
4 70 88 (-14128 -10480 160 ) (-14128 -10240 160 ) (-14128 -10240 144 ) (-14128 -10480 144 ) 
4 70 75 (-14128 -10480 144 ) (-14128 -10240 144 ) (-13664 -10240 144 ) (-13664 -10480 144 ) 
4 70 74 (-13664 -10240 144 ) (-13376 -10240 144 ) (-13376 -10480 144 ) (-13664 -10480 144 ) 
4 70 71 (-14128 -10480 144 ) (-13824 -10480 144 ) (-13824 -10480 160 ) (-14128 -10480 160 ) 
4 71 88 (-14128 -10798.500000 160 ) (-14128 -10480 160 ) (-14128 -10480 144 ) (-14128 -10798.500000 144 ) 
3 71 76 (-14128 -10798.500000 144 ) (-14128 -10480 144 ) (-13824 -10480 144 ) 
4 72 84 (-13488 -11120 144 ) (-13488 -10976 144 ) (-13456 -10976 144 ) (-13456 -11120 144 ) 
4 72 73 (-13488 -10976 144 ) (-13488 -11120 144 ) (-13488 -11120 160 ) (-13488 -10976 160 ) 
4 73 85 (-13488 -11136 144 ) (-13664 -11136 144 ) (-13664 -11120 144 ) (-13488 -11120 144 ) 
4 73 84 (-13664 -11120 144 ) (-13664 -10976 144 ) (-13488 -10976 144 ) (-13488 -11120 144 ) 
4 73 78 (-13664 -10976 144 ) (-13664 -10960 144 ) (-13488 -10960 144 ) (-13488 -10976 144 ) 
4 74 79 (-13664 -10240 128 ) (-13376 -10240 128 ) (-13376 -10480 128 ) (-13664 -10480 128 ) 
4 74 75 (-13664 -10240 128 ) (-13664 -10480 128 ) (-13664 -10480 144 ) (-13664 -10240 144 ) 
4 75 88 (-14128 -10480 144 ) (-14128 -10240 144 ) (-14128 -10240 128 ) (-14128 -10480 128 ) 
4 75 79 (-13728 -10240 128 ) (-13664 -10240 128 ) (-13664 -10480 128 ) (-13728 -10480 128 ) 
4 75 81 (-14128 -10480 128 ) (-14128 -10240 128 ) (-13728 -10240 128 ) (-13728 -10480 128 ) 
4 75 76 (-14128 -10480 128 ) (-13824 -10480 128 ) (-13824 -10480 144 ) (-14128 -10480 144 ) 
4 76 88 (-14128 -10798.500000 144 ) (-14128 -10480 144 ) (-14128 -10480 128 ) (-14128 -10798.500000 128 ) 
3 76 81 (-14128 -10798.500000 128 ) (-14128 -10480 128 ) (-13824 -10480 128 ) 
4 78 84 (-13488 -10976 144 ) (-13664 -10976 144 ) (-13664 -10976 128 ) (-13488 -10976 128 ) 
4 78 82 (-13488 -10976 128 ) (-13664 -10976 128 ) (-13664 -10960 128 ) (-13488 -10960 128 ) 
4 79 92 (-13728 -10240 0 ) (-13376 -10240 0 ) (-13376 -10480 0 ) (-13728 -10480 0 ) 
4 79 81 (-13728 -10240 0 ) (-13728 -10480 0 ) (-13728 -10480 128 ) (-13728 -10240 128 ) 
4 80 82 (-13488 -10960 128 ) (-13728 -10960 128 ) (-13728 -10960 0 ) (-13488 -10960 0 ) 
4 80 81 (-13728 -10512 0 ) (-13728 -10960 0 ) (-13728 -10960 128 ) (-13728 -10512 128 ) 
4 81 92 (-14128 -10240 0 ) (-13728 -10240 0 ) (-13728 -10480 0 ) (-14128 -10480 0 ) 
4 81 88 (-14128 -10240 0 ) (-14128 -10912 0 ) (-14128 -10912 128 ) (-14128 -10240 128 ) 
4 81 82 (-13728 -10960 128 ) (-14128 -10960 128 ) (-14128 -10960 0 ) (-13728 -10960 0 ) 
4 82 86 (-13664 -10976 128 ) (-14128 -10976 128 ) (-14128 -10976 0 ) (-13664 -10976 0 ) 
4 82 84 (-13488 -10976 128 ) (-13664 -10976 128 ) (-13664 -10976 0 ) (-13488 -10976 0 ) 
4 84 86 (-13664 -10976 128 ) (-13664 -10976 0 ) (-13664 -11120 0 ) (-13664 -11120 128 ) 
4 84 85 (-13664 -11120 144 ) (-13664 -11120 0 ) (-13488 -11120 0 ) (-13488 -11120 144 ) 
4 85 87 (-13664 -11136 128 ) (-13664 -11136 0 ) (-13488 -11136 0 ) (-13488 -11136 128 ) 
4 85 86 (-13664 -11120 0 ) (-13664 -11136 0 ) (-13664 -11136 128 ) (-13664 -11120 128 ) 
4 86 87 (-14128 -11136 128 ) (-14128 -11136 0 ) (-13664 -11136 0 ) (-13664 -11136 128 ) 
4 87 279 (-14128 -11264 0 ) (-13376 -11264 0 ) (-13376 -11264 128 ) (-14128 -11264 128 ) 
4 88 92 (-14160 -10240 0 ) (-14128 -10240 0 ) (-14128 -10480 0 ) (-14160 -10480 0 ) 
4 88 90 (-14160 -10240 0 ) (-14160 -10912 0 ) (-14160 -10912 320 ) (-14160 -10240 320 ) 
4 88 89 (-14160 -10912 320 ) (-14160 -10912 176 ) (-14128 -10912 176 ) (-14128 -10912 320 ) 
4 89 269 (-14128 -11264 176 ) (-14128 -11264 320 ) (-14160 -11264 320 ) (-14160 -11264 176 ) 
4 89 90 (-14160 -11264 176 ) (-14160 -11264 320 ) (-14160 -10912 320 ) (-14160 -10912 176 ) 
4 90 280 (-14312 -11264 0 ) (-14160 -11264 0 ) (-14160 -11264 160 ) (-14312 -11264 160 ) 
4 90 270 (-14160 -11264 160 ) (-14160 -11264 320 ) (-14312 -11264 320 ) (-14312 -11264 160 ) 
4 90 93 (-14312 -10240 0 ) (-14160 -10240 0 ) (-14160 -11264 0 ) (-14312 -11264 0 ) 
4 91 294 (-13312 -11264 -16 ) (-13312 -11264 0 ) (-13344 -11264 0 ) (-13344 -11264 -16 ) 
4 91 94 (-13344 -10240 -16 ) (-13312 -10240 -16 ) (-13312 -11264 -16 ) (-13344 -11264 -16 ) 
4 91 92 (-13344 -10240 -16 ) (-13344 -10480 -16 ) (-13344 -10480 0 ) (-13344 -10240 0 ) 
4 92 94 (-14160 -10240 -16 ) (-13344 -10240 -16 ) (-13344 -10480 -16 ) (-14160 -10480 -16 ) 
4 92 93 (-14160 -10240 -16 ) (-14160 -10480 -16 ) (-14160 -10480 0 ) (-14160 -10240 0 ) 
4 93 295 (-14160 -11264 0 ) (-14312 -11264 0 ) (-14312 -11264 -16 ) (-14160 -11264 -16 ) 
4 93 94 (-14312 -11264 -16 ) (-14312 -10240 -16 ) (-14160 -10240 -16 ) (-14160 -11264 -16 ) 
4 94 296 (-13312 -11264 -248 ) (-13312 -11264 -16 ) (-14312 -11264 -16 ) (-14312 -11264 -248 ) 
4 95 104 (-10880 -11264 1016 ) (-10880 -11264 352 ) (-10880 -11392 352 ) (-10880 -11392 1016 ) 
4 95 97 (-10880 -11392 1016 ) (-10880 -11392 352 ) (-10240 -11392 352 ) (-10240 -11392 1016 ) 
4 95 96 (-10880 -11360 352 ) (-10880 -11264 352 ) (-10240 -11264 352 ) (-10240 -11360 352 ) 
4 96 105 (-10880 -11264 352 ) (-10880 -11264 320 ) (-10880 -11360 320 ) (-10880 -11360 352 ) 
4 96 98 (-10880 -11360 320 ) (-10880 -11264 320 ) (-10240 -11264 320 ) (-10240 -11360 320 ) 
4 97 139 (-10240 -12288 336 ) (-10240 -12288 1016 ) (-10880 -12288 1016 ) (-10880 -12288 336 ) 
4 97 106 (-10880 -12288 336 ) (-10880 -12288 352 ) (-10880 -11552 352 ) (-10880 -11552 336 ) 
4 97 104 (-10880 -12288 352 ) (-10880 -12288 1016 ) (-10880 -11392 1016 ) (-10880 -11392 352 ) 
4 98 107 (-10880 -11264 320 ) (-10880 -11264 160 ) (-10880 -11360 160 ) (-10880 -11360 320 ) 
4 98 102 (-10880 -11360 160 ) (-10880 -11264 160 ) (-10240 -11264 160 ) (-10240 -11360 160 ) 
4 99 101 (-10848 -11520 160 ) (-10240 -11520 160 ) (-10240 -11520 320 ) (-10848 -11520 320 ) 
6 99 100 (-10848 -11392 288 ) (-10848 -11392 160 ) (-10848 -11520 160 ) (-10848 -11520 288 ) (-10848 -11488 320 ) (-10848 -11424 320 ) 
6 100 108 (-10880 -11392 160 ) (-10880 -11520 160 ) (-10880 -11520 288 ) (-10880 -11488 320 ) (-10880 -11424 320 ) (-10880 -11392 288 ) 
4 101 144 (-10400 -12288 320 ) (-10848 -12288 320 ) (-10848 -12288 160 ) (-10400 -12288 160 ) 
4 101 143 (-10240 -12288 160 ) (-10240 -12288 320 ) (-10400 -12288 320 ) (-10400 -12288 160 ) 
4 102 110 (-10880 -11264 160 ) (-10880 -11264 128 ) (-10880 -11360 128 ) (-10880 -11360 160 ) 
4 102 103 (-10880 -11360 128 ) (-10880 -11264 128 ) (-10240 -11264 128 ) (-10240 -11360 128 ) 
4 103 153 (-10240 -12288 -248 ) (-10240 -12288 128 ) (-10880 -12288 128 ) (-10880 -12288 -248 ) 
4 103 111 (-10880 -11360 -248 ) (-10880 -11552 -248 ) (-10880 -11552 128 ) (-10880 -11360 128 ) 
4 103 110 (-10880 -11264 128 ) (-10880 -11264 -248 ) (-10880 -11360 -248 ) (-10880 -11360 128 ) 
4 103 112 (-10880 -11552 -248 ) (-10880 -12288 -248 ) (-10880 -12288 128 ) (-10880 -11552 128 ) 
4 104 139 (-10880 -12288 352 ) (-10880 -12288 1016 ) (-11264 -12288 1016 ) (-11264 -12288 352 ) 
4 104 114 (-11264 -11552 1016 ) (-11264 -11360 1016 ) (-11264 -11360 352 ) (-11264 -11552 352 ) 
4 104 113 (-11264 -11360 1016 ) (-11264 -11264 1016 ) (-11264 -11264 352 ) (-11264 -11360 352 ) 
4 104 115 (-11264 -12288 352 ) (-11264 -12288 1016 ) (-11264 -11552 1016 ) (-11264 -11552 352 ) 
4 104 105 (-11264 -11264 352 ) (-10880 -11264 352 ) (-10880 -11360 352 ) (-11264 -11360 352 ) 
4 104 106 (-10880 -11552 352 ) (-10880 -12288 352 ) (-11264 -12288 352 ) (-11264 -11552 352 ) 
4 105 113 (-11264 -11360 352 ) (-11264 -11264 352 ) (-11264 -11264 320 ) (-11264 -11360 320 ) 
4 105 107 (-11264 -11360 320 ) (-11264 -11264 320 ) (-10880 -11264 320 ) (-10880 -11360 320 ) 
4 106 141 (-10880 -12288 320 ) (-10880 -12288 336 ) (-11264 -12288 336 ) (-11264 -12288 320 ) 
4 106 139 (-10880 -12288 336 ) (-10880 -12288 352 ) (-11264 -12288 352 ) (-11264 -12288 336 ) 
4 106 115 (-11264 -12288 320 ) (-11264 -12288 352 ) (-11264 -11552 352 ) (-11264 -11552 320 ) 
4 106 109 (-11264 -12288 320 ) (-11264 -11552 320 ) (-10880 -11552 320 ) (-10880 -12288 320 ) 
4 107 116 (-11264 -11360 320 ) (-11264 -11264 320 ) (-11264 -11264 160 ) (-11264 -11360 160 ) 
4 107 110 (-11264 -11264 160 ) (-10880 -11264 160 ) (-10880 -11360 160 ) (-11264 -11360 160 ) 
4 108 117 (-11264 -11520 320 ) (-11264 -11392 320 ) (-11264 -11392 160 ) (-11264 -11520 160 ) 
4 109 145 (-10880 -12288 160 ) (-10880 -12288 320 ) (-11264 -12288 320 ) (-11264 -12288 160 ) 
4 109 118 (-11264 -12288 160 ) (-11264 -12288 320 ) (-11264 -11552 320 ) (-11264 -11552 160 ) 
4 109 112 (-10880 -11552 160 ) (-10880 -12288 160 ) (-11264 -12288 160 ) (-11264 -11552 160 ) 
4 110 137 (-11264 -11264 0 ) (-11264 -11264 -248 ) (-11264 -11360 -248 ) (-11264 -11360 0 ) 
4 110 135 (-11264 -11264 128 ) (-11264 -11264 0 ) (-11264 -11360 0 ) (-11264 -11360 128 ) 
4 110 133 (-11264 -11360 160 ) (-11264 -11264 160 ) (-11264 -11264 128 ) (-11264 -11360 128 ) 
4 110 111 (-11264 -11360 -248 ) (-10880 -11360 -248 ) (-10880 -11360 128 ) (-11264 -11360 128 ) 
4 111 137 (-11264 -11360 0 ) (-11264 -11360 -248 ) (-11264 -11552 -248 ) (-11264 -11552 0 ) 
4 111 135 (-11264 -11360 128 ) (-11264 -11360 0 ) (-11264 -11552 0 ) (-11264 -11552 128 ) 
4 111 112 (-11264 -11552 -248 ) (-10880 -11552 -248 ) (-10880 -11552 128 ) (-11264 -11552 128 ) 
4 112 154 (-10880 -12288 -248 ) (-10880 -12288 160 ) (-11264 -12288 160 ) (-11264 -12288 -248 ) 
4 112 137 (-11264 -12288 -248 ) (-11264 -12288 0 ) (-11264 -11552 0 ) (-11264 -11552 -248 ) 
4 112 135 (-11264 -12288 0 ) (-11264 -12288 128 ) (-11264 -11552 128 ) (-11264 -11552 0 ) 
4 112 134 (-11264 -12288 128 ) (-11264 -12288 160 ) (-11264 -11552 160 ) (-11264 -11552 128 ) 
4 113 119 (-12000 -11360 1016 ) (-12000 -11264 1016 ) (-12000 -11264 320 ) (-12000 -11360 320 ) 
4 113 116 (-12000 -11360 320 ) (-12000 -11264 320 ) (-11264 -11264 320 ) (-11264 -11360 320 ) 
4 113 114 (-11264 -11360 352 ) (-11264 -11360 1016 ) (-12000 -11360 1016 ) (-12000 -11360 352 ) 
4 114 120 (-12000 -11552 1016 ) (-12000 -11392 1016 ) (-12000 -11392 352 ) (-12000 -11552 352 ) 
4 114 119 (-12000 -11392 1016 ) (-12000 -11360 1016 ) (-12000 -11360 352 ) (-12000 -11392 352 ) 
4 114 115 (-11264 -11552 352 ) (-11264 -11552 1016 ) (-12000 -11552 1016 ) (-12000 -11552 352 ) 
4 115 159 (-11264 -12288 320 ) (-11264 -12288 336 ) (-12000 -12288 336 ) (-12000 -12288 320 ) 
4 115 158 (-11264 -12288 336 ) (-11264 -12288 1016 ) (-12000 -12288 1016 ) (-12000 -12288 336 ) 
4 115 121 (-12000 -11744 320 ) (-12000 -11904 320 ) (-12000 -11904 352 ) (-12000 -11744 352 ) 
4 115 120 (-12000 -11904 1016 ) (-12000 -11552 1016 ) (-12000 -11552 352 ) (-12000 -11904 352 ) 
4 115 122 (-12000 -12288 320 ) (-12000 -12288 1016 ) (-12000 -11904 1016 ) (-12000 -11904 320 ) 
4 115 118 (-12000 -12288 320 ) (-12000 -11552 320 ) (-11264 -11552 320 ) (-11264 -12288 320 ) 
4 116 133 (-11264 -11264 160 ) (-11264 -11360 160 ) (-11616 -11360 160 ) (-11616 -11264 160 ) 
4 116 127 (-12000 -11264 160 ) (-12000 -11360 160 ) (-12000 -11360 288 ) (-12000 -11264 288 ) 
4 116 123 (-12000 -11360 288 ) (-12000 -11360 320 ) (-12000 -11264 320 ) (-12000 -11264 288 ) 
4 117 128 (-12000 -11392 160 ) (-12000 -11520 160 ) (-12000 -11520 288 ) (-12000 -11392 288 ) 
4 117 124 (-12000 -11520 288 ) (-12000 -11520 320 ) (-12000 -11392 320 ) (-12000 -11392 288 ) 
4 118 163 (-12000 -12288 160 ) (-11264 -12288 160 ) (-11264 -12288 320 ) (-12000 -12288 320 ) 
4 118 134 (-11264 -11552 160 ) (-11264 -12288 160 ) (-11616 -12288 160 ) (-11616 -11552 160 ) 
4 118 130 (-12000 -12064 160 ) (-12000 -12160 160 ) (-12000 -12160 288 ) (-12000 -12064 288 ) 
4 118 132 (-12000 -12160 160 ) (-12000 -12288 160 ) (-12000 -12288 288 ) (-12000 -12160 288 ) 
4 118 125 (-12000 -12288 288 ) (-12000 -12288 320 ) (-12000 -11552 320 ) (-12000 -11552 288 ) 
4 119 214 (-12288 -11264 352 ) (-12288 -11264 320 ) (-12288 -11392 320 ) (-12288 -11392 352 ) 
4 119 213 (-12288 -11264 1016 ) (-12288 -11264 352 ) (-12288 -11392 352 ) (-12288 -11392 1016 ) 
4 119 123 (-12000 -11264 320 ) (-12000 -11360 320 ) (-12288 -11360 320 ) (-12288 -11264 320 ) 
4 119 120 (-12000 -11392 352 ) (-12000 -11392 1016 ) (-12288 -11392 1016 ) (-12288 -11392 352 ) 
4 120 213 (-12288 -11904 352 ) (-12288 -11904 1016 ) (-12288 -11392 1016 ) (-12288 -11392 352 ) 
3 120 121 (-12000 -11904 352 ) (-12160 -11904 352 ) (-12000 -11744 352 ) 
4 120 122 (-12000 -11904 352 ) (-12000 -11904 1016 ) (-12288 -11904 1016 ) (-12288 -11904 352 ) 
4 121 125 (-12000 -11744 320 ) (-12000 -11904 320 ) (-12032 -11904 320 ) (-12032 -11776 320 ) 
3 121 126 (-12032 -11904 320 ) (-12160 -11904 320 ) (-12032 -11776 320 ) 
4 121 122 (-12160 -11904 320 ) (-12000 -11904 320 ) (-12000 -11904 352 ) (-12160 -11904 352 ) 
4 122 215 (-12288 -11904 320 ) (-12288 -12288 320 ) (-12288 -12288 352 ) (-12288 -11904 352 ) 
4 122 213 (-12288 -12288 352 ) (-12288 -12288 1016 ) (-12288 -11904 1016 ) (-12288 -11904 352 ) 
4 122 159 (-12288 -12288 336 ) (-12288 -12288 320 ) (-12000 -12288 320 ) (-12000 -12288 336 ) 
4 122 158 (-12288 -12288 1016 ) (-12288 -12288 336 ) (-12000 -12288 336 ) (-12000 -12288 1016 ) 
4 122 125 (-12000 -11904 320 ) (-12000 -12288 320 ) (-12032 -12288 320 ) (-12032 -11904 320 ) 
4 122 126 (-12032 -12288 320 ) (-12288 -12288 320 ) (-12288 -11904 320 ) (-12032 -11904 320 ) 
4 123 219 (-12288 -11264 320 ) (-12288 -11264 288 ) (-12288 -11360 288 ) (-12288 -11360 320 ) 
4 123 127 (-12288 -11360 288 ) (-12288 -11264 288 ) (-12000 -11264 288 ) (-12000 -11360 288 ) 
4 124 220 (-12288 -11392 288 ) (-12288 -11520 288 ) (-12288 -11520 320 ) (-12288 -11392 320 ) 
4 124 128 (-12032 -11392 288 ) (-12000 -11392 288 ) (-12000 -11520 288 ) (-12032 -11520 288 ) 
4 124 129 (-12288 -11520 288 ) (-12288 -11392 288 ) (-12032 -11392 288 ) (-12032 -11520 288 ) 
4 124 126 (-12288 -11520 288 ) (-12032 -11520 288 ) (-12032 -11520 320 ) (-12288 -11520 320 ) 
4 125 163 (-12032 -12288 288 ) (-12000 -12288 288 ) (-12000 -12288 320 ) (-12032 -12288 320 ) 
4 125 130 (-12000 -12064 288 ) (-12000 -12160 288 ) (-12032 -12160 288 ) (-12032 -12096 288 ) 
4 125 132 (-12000 -12160 288 ) (-12000 -12288 288 ) (-12032 -12288 288 ) (-12032 -12160 288 ) 
4 125 126 (-12032 -11552 288 ) (-12032 -12288 288 ) (-12032 -12288 320 ) (-12032 -11552 320 ) 
4 126 226 (-12288 -12128 288 ) (-12288 -12160 288 ) (-12288 -12160 320 ) (-12288 -12128 320 ) 
4 126 225 (-12288 -11808 288 ) (-12288 -12128 288 ) (-12288 -12128 320 ) (-12288 -11808 320 ) 
4 126 227 (-12288 -12160 288 ) (-12288 -12288 288 ) (-12288 -12288 320 ) (-12288 -12160 320 ) 
4 126 220 (-12288 -11520 288 ) (-12288 -11808 288 ) (-12288 -11808 320 ) (-12288 -11520 320 ) 
4 126 163 (-12288 -12288 320 ) (-12288 -12288 288 ) (-12032 -12288 288 ) (-12032 -12288 320 ) 
3 126 131 (-12032 -12096 288 ) (-12032 -12160 288 ) (-12096 -12160 288 ) 
5 126 129 (-12288 -12128 288 ) (-12288 -11520 288 ) (-12032 -11520 288 ) (-12032 -12032 288 ) (-12128 -12128 288 ) 
4 126 132 (-12288 -12288 288 ) (-12288 -12160 288 ) (-12032 -12160 288 ) (-12032 -12288 288 ) 
4 127 219 (-12288 -11264 288 ) (-12288 -11264 160 ) (-12288 -11360 160 ) (-12288 -11360 288 ) 
4 128 129 (-12032 -11392 288 ) (-12032 -11392 160 ) (-12032 -11520 160 ) (-12032 -11520 288 ) 
4 129 225 (-12288 -11808 160 ) (-12288 -12128 160 ) (-12288 -12128 288 ) (-12288 -11808 288 ) 
4 129 220 (-12288 -11392 160 ) (-12288 -11808 160 ) (-12288 -11808 288 ) (-12288 -11392 288 ) 
4 130 131 (-12032 -12096 160 ) (-12032 -12160 160 ) (-12032 -12160 288 ) (-12032 -12096 288 ) 
4 130 132 (-12032 -12160 160 ) (-12000 -12160 160 ) (-12000 -12160 288 ) (-12032 -12160 288 ) 
4 131 132 (-12096 -12160 160 ) (-12032 -12160 160 ) (-12032 -12160 288 ) (-12096 -12160 288 ) 
4 132 227 (-12288 -12160 160 ) (-12288 -12288 160 ) (-12288 -12288 288 ) (-12288 -12160 288 ) 
4 132 163 (-12288 -12288 288 ) (-12288 -12288 160 ) (-12000 -12288 160 ) (-12000 -12288 288 ) 
4 133 135 (-11616 -11360 128 ) (-11616 -11264 128 ) (-11264 -11264 128 ) (-11264 -11360 128 ) 
4 134 176 (-11616 -12288 128 ) (-11264 -12288 128 ) (-11264 -12288 160 ) (-11616 -12288 160 ) 
4 134 135 (-11264 -12288 128 ) (-11616 -12288 128 ) (-11616 -11552 128 ) (-11264 -11552 128 ) 
4 135 176 (-11616 -12288 0 ) (-11264 -12288 0 ) (-11264 -12288 128 ) (-11616 -12288 128 ) 
4 135 137 (-11264 -11264 0 ) (-11264 -12288 0 ) (-11616 -12288 0 ) (-11616 -11264 0 ) 
4 136 229 (-12288 -11264 128 ) (-12288 -11264 0 ) (-12288 -12288 0 ) (-12288 -12288 128 ) 
4 136 179 (-12288 -12288 128 ) (-12288 -12288 0 ) (-11744 -12288 0 ) (-11744 -12288 128 ) 
4 137 210 (-11616 -12288 -248 ) (-11264 -12288 -248 ) (-11264 -12288 -32 ) (-11616 -12288 -32 ) 
4 137 208 (-11264 -12288 -32 ) (-11264 -12288 0 ) (-11616 -12288 0 ) (-11616 -12288 -32 ) 
4 137 138 (-11616 -11264 -248 ) (-11616 -12288 -248 ) (-11616 -12288 -32 ) (-11616 -11264 -32 ) 
4 138 230 (-12288 -11264 -32 ) (-12288 -11264 -248 ) (-12288 -12288 -248 ) (-12288 -12288 -32 ) 
4 138 210 (-12288 -12288 -32 ) (-12288 -12288 -248 ) (-11616 -12288 -248 ) (-11616 -12288 -32 ) 
4 139 211 (-10240 -13312 336 ) (-10240 -13312 1016 ) (-11264 -13312 1016 ) (-11264 -13312 336 ) 
4 139 158 (-11264 -12288 1016 ) (-11264 -12288 336 ) (-11264 -13312 336 ) (-11264 -13312 1016 ) 
4 139 141 (-11264 -12576 336 ) (-11264 -12288 336 ) (-10880 -12288 336 ) (-10880 -12576 336 ) 
4 139 142 (-10880 -13312 336 ) (-11264 -13312 336 ) (-11264 -13248 336 ) (-10880 -13248 336 ) 
4 139 140 (-10240 -13312 336 ) (-10880 -13312 336 ) (-10880 -13248 336 ) (-10240 -13248 336 ) 
4 140 211 (-10240 -13312 320 ) (-10240 -13312 336 ) (-10880 -13312 336 ) (-10880 -13312 320 ) 
4 140 151 (-10240 -13248 320 ) (-10240 -13312 320 ) (-10880 -13312 320 ) (-10880 -13248 320 ) 
4 140 142 (-10880 -13248 320 ) (-10880 -13312 320 ) (-10880 -13312 336 ) (-10880 -13248 336 ) 
4 141 159 (-11264 -12288 336 ) (-11264 -12288 320 ) (-11264 -12576 320 ) (-11264 -12576 336 ) 
4 141 145 (-11264 -12288 320 ) (-10880 -12288 320 ) (-10880 -12576 320 ) (-11264 -12576 320 ) 
4 142 211 (-10880 -13312 336 ) (-11264 -13312 336 ) (-11264 -13312 320 ) (-10880 -13312 320 ) 
4 142 162 (-11264 -13248 320 ) (-11264 -13312 320 ) (-11264 -13312 336 ) (-11264 -13248 336 ) 
4 142 151 (-10880 -13248 320 ) (-10880 -13312 320 ) (-11264 -13312 320 ) (-11264 -13248 320 ) 
4 143 146 (-10400 -12608 160 ) (-10240 -12608 160 ) (-10240 -12608 320 ) (-10400 -12608 320 ) 
4 143 144 (-10400 -12288 160 ) (-10400 -12576 160 ) (-10400 -12576 320 ) (-10400 -12288 320 ) 
4 145 163 (-11264 -12288 320 ) (-11264 -12288 160 ) (-11264 -12576 160 ) (-11264 -12576 320 ) 
4 145 154 (-11264 -12576 160 ) (-11264 -12288 160 ) (-10880 -12288 160 ) (-10880 -12576 160 ) 
4 146 147 (-10400 -13072 160 ) (-10400 -13216 160 ) (-10400 -13216 320 ) (-10400 -13072 320 ) 
4 147 148 (-10432 -13072 160 ) (-10432 -13216 160 ) (-10432 -13216 320 ) (-10432 -13072 320 ) 
4 148 149 (-11200 -12608 320 ) (-11200 -12608 160 ) (-11200 -12752 160 ) (-11200 -12752 320 ) 
4 149 150 (-11232 -12608 320 ) (-11232 -12608 160 ) (-11232 -12752 160 ) (-11232 -12752 320 ) 
4 150 165 (-11264 -12608 160 ) (-11264 -13216 160 ) (-11264 -13216 320 ) (-11264 -12608 320 ) 
4 151 211 (-10240 -13312 160 ) (-10240 -13312 320 ) (-11264 -13312 320 ) (-11264 -13312 160 ) 
4 151 174 (-11264 -13248 160 ) (-11264 -13312 160 ) (-11264 -13312 320 ) (-11264 -13248 320 ) 
4 151 156 (-10880 -13312 160 ) (-11264 -13312 160 ) (-11264 -13248 160 ) (-10880 -13248 160 ) 
4 151 152 (-10240 -13312 160 ) (-10880 -13312 160 ) (-10880 -13248 160 ) (-10240 -13248 160 ) 
4 152 211 (-10240 -13312 128 ) (-10240 -13312 160 ) (-10880 -13312 160 ) (-10880 -13312 128 ) 
4 152 157 (-10880 -13312 128 ) (-10880 -13312 129 ) (-10880 -13248 129 ) (-10880 -13248 128 ) 
4 152 156 (-10880 -13312 129 ) (-10880 -13312 160 ) (-10880 -13248 160 ) (-10880 -13248 129 ) 
4 152 153 (-10240 -13312 128 ) (-10880 -13312 128 ) (-10880 -13248 128 ) (-10240 -13248 128 ) 
4 153 211 (-10240 -13312 -248 ) (-10240 -13312 128 ) (-10880 -13312 128 ) (-10880 -13312 -248 ) 
4 153 157 (-10880 -13312 -248 ) (-10880 -13312 128 ) (-10880 -12608 128 ) (-10880 -12608 -248 ) 
4 153 155 (-10880 -12608 128 ) (-10880 -12576 128 ) (-10880 -12576 -248 ) (-10880 -12608 -248 ) 
4 153 154 (-10880 -12576 128 ) (-10880 -12288 128 ) (-10880 -12288 -248 ) (-10880 -12576 -248 ) 
4 154 210 (-11264 -12288 -32 ) (-11264 -12288 -248 ) (-11264 -12576 -248 ) (-11264 -12576 -32 ) 
4 154 208 (-11264 -12288 0 ) (-11264 -12288 -32 ) (-11264 -12576 -32 ) (-11264 -12576 0 ) 
4 154 176 (-11264 -12288 160 ) (-11264 -12288 0 ) (-11264 -12576 0 ) (-11264 -12576 160 ) 
4 154 155 (-11264 -12576 -248 ) (-10880 -12576 -248 ) (-10880 -12576 144 ) (-11264 -12576 144 ) 
4 155 210 (-11264 -12576 -248 ) (-11264 -12608 -248 ) (-11264 -12608 -32 ) (-11264 -12576 -32 ) 
4 155 208 (-11264 -12608 -32 ) (-11264 -12608 0 ) (-11264 -12576 0 ) (-11264 -12576 -32 ) 
4 155 177 (-11264 -12608 0 ) (-11264 -12608 144 ) (-11264 -12576 144 ) (-11264 -12576 0 ) 
4 155 157 (-10880 -12608 -248 ) (-10880 -12608 129 ) (-11264 -12608 129 ) (-11264 -12608 -248 ) 
4 156 211 (-10880 -13312 129 ) (-10880 -13312 160 ) (-11264 -13312 160 ) (-11264 -13312 129 ) 
4 156 201 (-11264 -13280 160 ) (-11264 -13248 160 ) (-11264 -13248 129 ) (-11264 -13280 129 ) 
4 156 202 (-11264 -13312 129 ) (-11264 -13312 160 ) (-11264 -13280 160 ) (-11264 -13280 129 ) 
4 156 157 (-10880 -13248 129 ) (-10880 -13312 129 ) (-11264 -13312 129 ) (-11264 -13248 129 ) 
4 157 211 (-10880 -13312 -248 ) (-10880 -13312 129 ) (-11264 -13312 129 ) (-11264 -13312 -248 ) 
4 157 210 (-11264 -13312 -248 ) (-11264 -13312 -32 ) (-11264 -12608 -32 ) (-11264 -12608 -248 ) 
4 157 208 (-11264 -13312 -32 ) (-11264 -13312 0 ) (-11264 -12608 0 ) (-11264 -12608 -32 ) 
4 157 206 (-11264 -13312 0 ) (-11264 -13312 128 ) (-11264 -13184 128 ) (-11264 -13184 0 ) 
4 157 203 (-11264 -13184 128 ) (-11264 -13168 128 ) (-11264 -13168 0 ) (-11264 -13184 0 ) 
4 157 201 (-11264 -13280 129 ) (-11264 -13248 129 ) (-11264 -13248 128 ) (-11264 -13280 128 ) 
4 157 200 (-11264 -13248 129 ) (-11264 -13184 129 ) (-11264 -13184 128 ) (-11264 -13248 128 ) 
4 157 202 (-11264 -13312 128 ) (-11264 -13312 129 ) (-11264 -13280 129 ) (-11264 -13280 128 ) 
4 157 198 (-11264 -13184 129 ) (-11264 -13168 129 ) (-11264 -13168 128 ) (-11264 -13184 128 ) 
4 157 184 (-11264 -13168 129 ) (-11264 -13024 129 ) (-11264 -13024 0 ) (-11264 -13168 0 ) 
4 157 178 (-11264 -13024 129 ) (-11264 -12608 129 ) (-11264 -12608 0 ) (-11264 -13024 0 ) 
4 158 239 (-12288 -13312 336 ) (-12288 -13312 352 ) (-12288 -12512 352 ) (-12288 -12512 336 ) 
4 158 238 (-12288 -13312 352 ) (-12288 -13312 1016 ) (-12288 -12512 1016 ) (-12288 -12512 352 ) 
4 158 231 (-12288 -12512 1016 ) (-12288 -12288 1016 ) (-12288 -12288 336 ) (-12288 -12512 336 ) 
4 158 212 (-11264 -13312 336 ) (-11264 -13312 1016 ) (-12288 -13312 1016 ) (-12288 -13312 336 ) 
4 158 161 (-12288 -13248 336 ) (-12288 -12576 336 ) (-12112 -12576 336 ) (-12112 -13248 336 ) 
4 158 160 (-11280 -12672 336 ) (-11280 -13168 336 ) (-11456 -13168 336 ) (-11456 -12672 336 ) 
4 158 159 (-12288 -12576 336 ) (-12288 -12288 336 ) (-11264 -12288 336 ) (-11264 -12576 336 ) 
4 158 162 (-12288 -13312 336 ) (-12288 -13248 336 ) (-11264 -13248 336 ) (-11264 -13312 336 ) 
4 159 239 (-12288 -12576 336 ) (-12288 -12512 336 ) (-12288 -12512 320 ) (-12288 -12576 320 ) 
4 159 231 (-12288 -12512 336 ) (-12288 -12288 336 ) (-12288 -12288 320 ) (-12288 -12512 320 ) 
4 159 163 (-12288 -12576 320 ) (-12288 -12288 320 ) (-11264 -12288 320 ) (-11264 -12576 320 ) 
4 159 161 (-12288 -12576 320 ) (-12112 -12576 320 ) (-12112 -12576 336 ) (-12288 -12576 336 ) 
4 160 165 (-11280 -12672 320 ) (-11280 -13168 320 ) (-11456 -13168 320 ) (-11456 -12672 320 ) 
4 161 239 (-12288 -13248 336 ) (-12288 -12576 336 ) (-12288 -12576 320 ) (-12288 -13248 320 ) 
4 161 175 (-12288 -13248 320 ) (-12288 -13216 320 ) (-12112 -13216 320 ) (-12112 -13248 320 ) 
4 161 173 (-12288 -13216 320 ) (-12288 -12608 320 ) (-12112 -12608 320 ) (-12112 -13216 320 ) 
4 161 164 (-12288 -12608 320 ) (-12288 -12576 320 ) (-12112 -12576 320 ) (-12112 -12608 320 ) 
4 161 162 (-12288 -13248 320 ) (-12112 -13248 320 ) (-12112 -13248 336 ) (-12288 -13248 336 ) 
4 162 239 (-12288 -13312 320 ) (-12288 -13312 336 ) (-12288 -13248 336 ) (-12288 -13248 320 ) 
4 162 212 (-11264 -13312 320 ) (-11264 -13312 336 ) (-12288 -13312 336 ) (-12288 -13312 320 ) 
4 162 174 (-11264 -13312 320 ) (-12112 -13312 320 ) (-12112 -13248 320 ) (-11264 -13248 320 ) 
4 162 175 (-12112 -13312 320 ) (-12288 -13312 320 ) (-12288 -13248 320 ) (-12112 -13248 320 ) 
4 163 241 (-12288 -12576 320 ) (-12288 -12512 320 ) (-12288 -12512 160 ) (-12288 -12576 160 ) 
4 163 233 (-12288 -12512 320 ) (-12288 -12288 320 ) (-12288 -12288 160 ) (-12288 -12512 160 ) 
4 163 176 (-11616 -12288 160 ) (-11264 -12288 160 ) (-11264 -12576 160 ) (-11616 -12576 160 ) 
4 163 164 (-12288 -12576 160 ) (-12112 -12576 160 ) (-12112 -12576 320 ) (-12288 -12576 320 ) 
4 164 241 (-12288 -12608 320 ) (-12288 -12576 320 ) (-12288 -12576 160 ) (-12288 -12608 160 ) 
4 164 173 (-12288 -12608 160 ) (-12112 -12608 160 ) (-12112 -12608 320 ) (-12288 -12608 320 ) 
4 165 170 (-11680 -12624 160 ) (-11680 -12928 160 ) (-11680 -12928 288 ) (-11680 -12624 288 ) 
4 165 169 (-11680 -12928 160 ) (-11680 -13024 160 ) (-11680 -13024 288 ) (-11680 -12928 288 ) 
4 165 167 (-11680 -13024 288 ) (-11680 -13024 320 ) (-11680 -12624 320 ) (-11680 -12624 288 ) 
4 165 166 (-11680 -12608 320 ) (-11680 -12608 160 ) (-11680 -12624 160 ) (-11680 -12624 320 ) 
4 165 171 (-11680 -13024 160 ) (-11680 -13216 160 ) (-11680 -13216 320 ) (-11680 -13024 320 ) 
4 166 170 (-11968 -12624 160 ) (-11680 -12624 160 ) (-11680 -12624 288 ) (-11968 -12624 288 ) 
4 166 168 (-12048 -12624 288 ) (-12048 -12624 160 ) (-11968 -12624 160 ) (-11968 -12624 288 ) 
4 166 167 (-12048 -12624 320 ) (-12048 -12624 288 ) (-11680 -12624 288 ) (-11680 -12624 320 ) 
4 166 172 (-12048 -12608 320 ) (-12048 -12608 160 ) (-12048 -12624 160 ) (-12048 -12624 320 ) 
6 167 170 (-11776 -13024 288 ) (-12048 -13024 288 ) (-12048 -12704 288 ) (-11968 -12624 288 ) (-11680 -12624 288 ) (-11680 -12928 288 ) 
3 167 169 (-11680 -13024 288 ) (-11776 -13024 288 ) (-11680 -12928 288 ) 
3 167 168 (-12048 -12704 288 ) (-12048 -12624 288 ) (-11968 -12624 288 ) 
4 167 172 (-12048 -13024 288 ) (-12048 -13024 320 ) (-12048 -12624 320 ) (-12048 -12624 288 ) 
4 167 171 (-12048 -13024 320 ) (-12048 -13024 288 ) (-11680 -13024 288 ) (-11680 -13024 320 ) 
4 168 170 (-11968 -12624 160 ) (-11968 -12624 288 ) (-12048 -12704 288 ) (-12048 -12704 160 ) 
4 168 172 (-12048 -12624 160 ) (-12048 -12704 160 ) (-12048 -12704 288 ) (-12048 -12624 288 ) 
4 169 171 (-11776 -13024 160 ) (-11680 -13024 160 ) (-11680 -13024 288 ) (-11776 -13024 288 ) 
4 169 170 (-11776 -13024 160 ) (-11776 -13024 288 ) (-11680 -12928 288 ) (-11680 -12928 160 ) 
4 170 182 (-11968 -13024 160 ) (-12048 -13024 160 ) (-12048 -13008 160 ) (-11968 -13008 160 ) 
4 170 181 (-11824 -13024 160 ) (-11968 -13024 160 ) (-11968 -13008 160 ) (-11824 -13008 160 ) 
4 170 172 (-12048 -12704 160 ) (-12048 -13024 160 ) (-12048 -13024 288 ) (-12048 -12704 288 ) 
4 170 171 (-12048 -13024 288 ) (-12048 -13024 160 ) (-11776 -13024 160 ) (-11776 -13024 288 ) 
4 171 199 (-11824 -13184 160 ) (-12048 -13184 160 ) (-12048 -13168 160 ) (-11824 -13168 160 ) 
4 171 188 (-11808 -13168 160 ) (-12048 -13168 160 ) (-12048 -13024 160 ) (-11808 -13024 160 ) 
4 171 172 (-12048 -13024 160 ) (-12048 -13216 160 ) (-12048 -13216 320 ) (-12048 -13024 320 ) 
4 172 199 (-12048 -13168 160 ) (-12048 -13184 160 ) (-12064 -13184 160 ) (-12064 -13168 160 ) 
4 172 188 (-12048 -13024 160 ) (-12048 -13168 160 ) (-12064 -13168 160 ) (-12064 -13024 160 ) 
4 172 182 (-12048 -13008 160 ) (-12048 -13024 160 ) (-12064 -13024 160 ) (-12064 -13008 160 ) 
4 173 241 (-12288 -13216 320 ) (-12288 -12608 320 ) (-12288 -12608 160 ) (-12288 -13216 160 ) 
4 173 175 (-12288 -13216 160 ) (-12112 -13216 160 ) (-12112 -13216 320 ) (-12288 -13216 320 ) 
4 174 212 (-11264 -13312 160 ) (-11264 -13312 320 ) (-12112 -13312 320 ) (-12112 -13312 160 ) 
4 174 201 (-11264 -13248 160 ) (-11264 -13280 160 ) (-11616 -13280 160 ) (-11616 -13248 160 ) 
4 174 202 (-11264 -13280 160 ) (-11264 -13312 160 ) (-12112 -13312 160 ) (-12112 -13280 160 ) 
4 174 175 (-12112 -13248 160 ) (-12112 -13312 160 ) (-12112 -13312 320 ) (-12112 -13248 320 ) 
4 175 241 (-12288 -13312 160 ) (-12288 -13312 320 ) (-12288 -13216 320 ) (-12288 -13216 160 ) 
4 175 212 (-12112 -13312 320 ) (-12288 -13312 320 ) (-12288 -13312 160 ) (-12112 -13312 160 ) 
4 175 202 (-12288 -13312 160 ) (-12288 -13280 160 ) (-12112 -13280 160 ) (-12112 -13312 160 ) 
4 176 208 (-11616 -12288 0 ) (-11264 -12288 0 ) (-11264 -12576 0 ) (-11616 -12576 0 ) 
4 176 177 (-11616 -12576 144 ) (-11616 -12576 0 ) (-11264 -12576 0 ) (-11264 -12576 144 ) 
4 177 208 (-11264 -12576 0 ) (-11264 -12608 0 ) (-11616 -12608 0 ) (-11616 -12576 0 ) 
4 177 178 (-11616 -12608 129 ) (-11616 -12608 0 ) (-11264 -12608 0 ) (-11264 -12608 129 ) 
4 178 208 (-11264 -12608 0 ) (-11264 -13024 0 ) (-11616 -13024 0 ) (-11616 -12608 0 ) 
4 178 184 (-11616 -13024 0 ) (-11264 -13024 0 ) (-11264 -13024 129 ) (-11616 -13024 129 ) 
4 178 180 (-11616 -13024 128 ) (-11616 -13024 129 ) (-11616 -13008 129 ) (-11616 -13008 128 ) 
4 179 246 (-12288 -12512 0 ) (-12288 -13008 0 ) (-12288 -13008 128 ) (-12288 -12512 128 ) 
4 179 236 (-12288 -12288 128 ) (-12288 -12288 0 ) (-12288 -12512 0 ) (-12288 -12512 128 ) 
4 179 183 (-12288 -13008 0 ) (-12064 -13008 0 ) (-12064 -13008 128 ) (-12288 -13008 128 ) 
4 179 182 (-12064 -13008 0 ) (-11968 -13008 0 ) (-11968 -13008 128 ) (-12064 -13008 128 ) 
3 179 181 (-11856 -13008 128 ) (-11968 -13008 128 ) (-11968 -13008 16 ) 
4 180 186 (-11616 -13024 128 ) (-11616 -13024 129 ) (-11744 -13024 129 ) (-11744 -13024 128 ) 
3 181 196 (-11968 -13024 32 ) (-11968 -13024 16 ) (-11952 -13024 32 ) 
4 181 195 (-11968 -13024 48 ) (-11968 -13024 32 ) (-11952 -13024 32 ) (-11936 -13024 48 ) 
4 181 194 (-11968 -13024 64 ) (-11968 -13024 48 ) (-11936 -13024 48 ) (-11920 -13024 64 ) 
4 181 193 (-11968 -13024 80 ) (-11968 -13024 64 ) (-11920 -13024 64 ) (-11904 -13024 80 ) 
4 181 192 (-11968 -13024 96 ) (-11968 -13024 80 ) (-11904 -13024 80 ) (-11888 -13024 96 ) 
4 181 191 (-11968 -13024 112 ) (-11968 -13024 96 ) (-11888 -13024 96 ) (-11872 -13024 112 ) 
4 181 190 (-11968 -13024 128 ) (-11968 -13024 112 ) (-11872 -13024 112 ) (-11856 -13024 128 ) 
4 181 189 (-11968 -13024 144 ) (-11968 -13024 128 ) (-11856 -13024 128 ) (-11840 -13024 144 ) 
4 181 188 (-11824 -13024 160 ) (-11968 -13024 160 ) (-11968 -13024 144 ) (-11840 -13024 144 ) 
4 181 182 (-11968 -13008 160 ) (-11968 -13008 16 ) (-11968 -13024 16 ) (-11968 -13024 160 ) 
4 182 197 (-12064 -13024 0 ) (-11968 -13024 0 ) (-11968 -13024 16 ) (-12064 -13024 16 ) 
4 182 196 (-11968 -13024 16 ) (-11968 -13024 32 ) (-12064 -13024 32 ) (-12064 -13024 16 ) 
4 182 195 (-11968 -13024 32 ) (-11968 -13024 48 ) (-12064 -13024 48 ) (-12064 -13024 32 ) 
4 182 194 (-11968 -13024 48 ) (-11968 -13024 64 ) (-12064 -13024 64 ) (-12064 -13024 48 ) 
4 182 193 (-11968 -13024 64 ) (-11968 -13024 80 ) (-12064 -13024 80 ) (-12064 -13024 64 ) 
4 182 192 (-11968 -13024 80 ) (-11968 -13024 96 ) (-12064 -13024 96 ) (-12064 -13024 80 ) 
4 182 191 (-11968 -13024 96 ) (-11968 -13024 112 ) (-12064 -13024 112 ) (-12064 -13024 96 ) 
4 182 190 (-11968 -13024 112 ) (-11968 -13024 128 ) (-12064 -13024 128 ) (-12064 -13024 112 ) 
4 182 189 (-11968 -13024 128 ) (-11968 -13024 144 ) (-12064 -13024 144 ) (-12064 -13024 128 ) 
4 182 188 (-11968 -13024 144 ) (-11968 -13024 160 ) (-12064 -13024 160 ) (-12064 -13024 144 ) 
4 182 183 (-12064 -13008 128 ) (-12064 -13008 0 ) (-12064 -13024 0 ) (-12064 -13024 128 ) 
4 183 246 (-12288 -13008 128 ) (-12288 -13008 0 ) (-12288 -13024 0 ) (-12288 -13024 128 ) 
4 183 197 (-12288 -13024 0 ) (-12064 -13024 0 ) (-12064 -13024 16 ) (-12288 -13024 16 ) 
4 183 196 (-12064 -13024 16 ) (-12064 -13024 32 ) (-12288 -13024 32 ) (-12288 -13024 16 ) 
4 183 195 (-12064 -13024 32 ) (-12064 -13024 48 ) (-12288 -13024 48 ) (-12288 -13024 32 ) 
4 183 194 (-12064 -13024 48 ) (-12064 -13024 64 ) (-12288 -13024 64 ) (-12288 -13024 48 ) 
4 183 193 (-12064 -13024 64 ) (-12064 -13024 80 ) (-12288 -13024 80 ) (-12288 -13024 64 ) 
4 183 192 (-12064 -13024 80 ) (-12064 -13024 96 ) (-12288 -13024 96 ) (-12288 -13024 80 ) 
4 183 191 (-12064 -13024 96 ) (-12064 -13024 112 ) (-12288 -13024 112 ) (-12288 -13024 96 ) 
4 183 190 (-12064 -13024 112 ) (-12064 -13024 128 ) (-12288 -13024 128 ) (-12288 -13024 112 ) 
4 184 208 (-11616 -13024 0 ) (-11264 -13024 0 ) (-11264 -13168 0 ) (-11616 -13168 0 ) 
4 184 203 (-11616 -13168 0 ) (-11264 -13168 0 ) (-11264 -13168 128 ) (-11616 -13168 128 ) 
4 184 198 (-11264 -13168 128 ) (-11264 -13168 129 ) (-11616 -13168 129 ) (-11616 -13168 128 ) 
4 184 186 (-11616 -13168 128 ) (-11616 -13168 129 ) (-11616 -13024 129 ) (-11616 -13024 128 ) 
4 185 187 (-11806.998047 -13168 129 ) (-11806.998047 -13024 129 ) (-11792 -13024 129 ) (-11792 -13168 129 ) 
4 186 198 (-11616 -13168 128 ) (-11616 -13168 129 ) (-11744 -13168 129 ) (-11744 -13168 128 ) 
4 186 187 (-11744 -13168 128 ) (-11744 -13168 129 ) (-11744 -13024 129 ) (-11744 -13024 128 ) 
4 188 199 (-11824 -13168 160 ) (-12064 -13168 160 ) (-12064 -13168 144 ) (-11840.001953 -13168 144 ) 
4 188 189 (-12064 -13024 144 ) (-11824 -13024 144 ) (-11824 -13168 144 ) (-12064 -13168 144 ) 
4 189 199 (-11840 -13168 144 ) (-12064 -13168 144 ) (-12064 -13168 128 ) (-11856 -13168 128 ) 
4 189 190 (-12064 -13024 128 ) (-11840 -13024 128 ) (-11840 -13168 128 ) (-12064 -13168 128 ) 
4 190 246 (-12288 -13024 128 ) (-12288 -13024 112 ) (-12288 -13168 112 ) (-12288 -13168 128 ) 
4 190 204 (-11856 -13168 128 ) (-11968 -13168 128 ) (-11968 -13168 112 ) (-11872 -13168 112 ) 
4 190 205 (-11968 -13168 128 ) (-12288 -13168 128 ) (-12288 -13168 112 ) (-11968 -13168 112 ) 
4 190 191 (-12288 -13024 112 ) (-11856 -13024 112 ) (-11856 -13168 112 ) (-12288 -13168 112 ) 
4 191 246 (-12288 -13024 112 ) (-12288 -13024 96 ) (-12288 -13168 96 ) (-12288 -13168 112 ) 
4 191 204 (-11872 -13168 112 ) (-11968 -13168 112 ) (-11968 -13168 96 ) (-11888 -13168 96 ) 
4 191 205 (-11968 -13168 112 ) (-12288 -13168 112 ) (-12288 -13168 96 ) (-11968 -13168 96 ) 
4 191 192 (-12288 -13024 96 ) (-11872 -13024 96 ) (-11872 -13168 96 ) (-12288 -13168 96 ) 
4 192 246 (-12288 -13024 96 ) (-12288 -13024 80 ) (-12288 -13168 80 ) (-12288 -13168 96 ) 
4 192 204 (-11888 -13168 96 ) (-11968 -13168 96 ) (-11968 -13168 80 ) (-11904 -13168 80 ) 
4 192 205 (-11968 -13168 96 ) (-12288 -13168 96 ) (-12288 -13168 80 ) (-11968 -13168 80 ) 
4 192 193 (-12288 -13024 80 ) (-11888 -13024 80 ) (-11888 -13168 80 ) (-12288 -13168 80 ) 
4 193 246 (-12288 -13024 80 ) (-12288 -13024 64 ) (-12288 -13168 64 ) (-12288 -13168 80 ) 
4 193 204 (-11904 -13168 80 ) (-11968 -13168 80 ) (-11968 -13168 64 ) (-11920 -13168 64 ) 
4 193 205 (-11968 -13168 80 ) (-12288 -13168 80 ) (-12288 -13168 64 ) (-11968 -13168 64 ) 
4 193 194 (-12288 -13024 64 ) (-11904 -13024 64 ) (-11904 -13168 64 ) (-12288 -13168 64 ) 
4 194 246 (-12288 -13024 64 ) (-12288 -13024 48 ) (-12288 -13168 48 ) (-12288 -13168 64 ) 
4 194 204 (-11920 -13168 64 ) (-11968 -13168 64 ) (-11968 -13168 48 ) (-11936 -13168 48 ) 
4 194 205 (-11968 -13168 64 ) (-12288 -13168 64 ) (-12288 -13168 48 ) (-11968 -13168 48 ) 
4 194 195 (-12288 -13024 48 ) (-11920 -13024 48 ) (-11920 -13168 48 ) (-12288 -13168 48 ) 
4 195 246 (-12288 -13024 48 ) (-12288 -13024 32 ) (-12288 -13168 32 ) (-12288 -13168 48 ) 
4 195 204 (-11936 -13168 48 ) (-11968 -13168 48 ) (-11968 -13168 32 ) (-11952 -13168 32 ) 
4 195 205 (-11968 -13168 48 ) (-12288 -13168 48 ) (-12288 -13168 32 ) (-11968 -13168 32 ) 
4 195 196 (-12288 -13024 32 ) (-11936 -13024 32 ) (-11936 -13168 32 ) (-12288 -13168 32 ) 
4 196 246 (-12288 -13024 32 ) (-12288 -13024 16 ) (-12288 -13168 16 ) (-12288 -13168 32 ) 
3 196 204 (-11952 -13168 32 ) (-11968 -13168 32 ) (-11968 -13168 16 ) 
4 196 205 (-11968 -13168 32 ) (-12288 -13168 32 ) (-12288 -13168 16 ) (-11968 -13168 16 ) 
4 196 197 (-12288 -13024 16 ) (-11952 -13024 16 ) (-11952 -13168 16 ) (-12288 -13168 16 ) 
4 197 246 (-12288 -13024 16 ) (-12288 -13024 0 ) (-12288 -13168 0 ) (-12288 -13168 16 ) 
4 197 205 (-12288 -13168 0 ) (-11968 -13168 0 ) (-11968 -13168 16 ) (-12288 -13168 16 ) 
4 198 203 (-11616 -13168 128 ) (-11264 -13168 128 ) (-11264 -13184 128 ) (-11616 -13184 128 ) 
4 198 200 (-11616 -13184 128 ) (-11264 -13184 128 ) (-11264 -13184 129 ) (-11616 -13184 129 ) 
4 199 204 (-11968 -13168 128 ) (-11856 -13168 128 ) (-11856 -13184 128 ) (-11968 -13184 128 ) 
4 199 205 (-12064 -13168 128 ) (-11968 -13168 128 ) (-11968 -13184 128 ) (-12064 -13184 128 ) 
4 200 206 (-11616 -13184 128 ) (-11264 -13184 128 ) (-11264 -13248 128 ) (-11616 -13248 128 ) 
4 200 201 (-11616 -13248 128 ) (-11264 -13248 128 ) (-11264 -13248 129 ) (-11616 -13248 129 ) 
4 201 206 (-11264 -13248 128 ) (-11264 -13280 128 ) (-11616 -13280 128 ) (-11616 -13248 128 ) 
4 201 202 (-11616 -13280 128 ) (-11264 -13280 128 ) (-11264 -13280 160 ) (-11616 -13280 160 ) 
4 202 245 (-12288 -13312 128 ) (-12288 -13312 160 ) (-12288 -13280 160 ) (-12288 -13280 128 ) 
4 202 212 (-11264 -13312 128 ) (-11264 -13312 160 ) (-12288 -13312 160 ) (-12288 -13312 128 ) 
4 202 207 (-11616 -13312 128 ) (-12288 -13312 128 ) (-12288 -13280 128 ) (-11616 -13280 128 ) 
4 202 206 (-11264 -13312 128 ) (-11616 -13312 128 ) (-11616 -13280 128 ) (-11264 -13280 128 ) 
4 203 208 (-11616 -13168 0 ) (-11264 -13168 0 ) (-11264 -13184 0 ) (-11616 -13184 0 ) 
4 203 206 (-11616 -13184 0 ) (-11264 -13184 0 ) (-11264 -13184 128 ) (-11616 -13184 128 ) 
4 204 205 (-11968 -13184 16 ) (-11968 -13184 128 ) (-11968 -13168 128 ) (-11968 -13168 16 ) 
4 205 246 (-12288 -13184 128 ) (-12288 -13168 128 ) (-12288 -13168 0 ) (-12288 -13184 0 ) 
4 206 212 (-11264 -13312 0 ) (-11264 -13312 128 ) (-11616 -13312 128 ) (-11616 -13312 0 ) 
4 206 208 (-11264 -13312 0 ) (-11616 -13312 0 ) (-11616 -13184 0 ) (-11264 -13184 0 ) 
4 206 207 (-11616 -13280 0 ) (-11616 -13312 0 ) (-11616 -13312 128 ) (-11616 -13280 128 ) 
4 207 247 (-12288 -13312 0 ) (-12288 -13312 128 ) (-12288 -13280 128 ) (-12288 -13280 0 ) 
4 207 212 (-11616 -13312 128 ) (-12288 -13312 128 ) (-12288 -13312 0 ) (-11616 -13312 0 ) 
4 207 209 (-11616 -13312 0 ) (-12288 -13312 0 ) (-12288 -13280 0 ) (-11616 -13280 0 ) 
4 208 212 (-11264 -13312 -32 ) (-11264 -13312 0 ) (-11616 -13312 0 ) (-11616 -13312 -32 ) 
4 208 210 (-11616 -12288 -32 ) (-11264 -12288 -32 ) (-11264 -13312 -32 ) (-11616 -13312 -32 ) 
4 208 209 (-11616 -13280 -32 ) (-11616 -13312 -32 ) (-11616 -13312 0 ) (-11616 -13280 0 ) 
4 209 248 (-12288 -13312 -32 ) (-12288 -13312 0 ) (-12288 -13280 0 ) (-12288 -13280 -32 ) 
4 209 212 (-11616 -13312 0 ) (-12288 -13312 0 ) (-12288 -13312 -32 ) (-11616 -13312 -32 ) 
4 209 210 (-12288 -13312 -32 ) (-12288 -13280 -32 ) (-11616 -13280 -32 ) (-11616 -13312 -32 ) 
4 210 249 (-12288 -13312 -248 ) (-12288 -13312 -32 ) (-12288 -12512 -32 ) (-12288 -12512 -248 ) 
4 210 237 (-12288 -12512 -32 ) (-12288 -12288 -32 ) (-12288 -12288 -248 ) (-12288 -12512 -248 ) 
4 210 212 (-11264 -13312 -248 ) (-11264 -13312 -32 ) (-12288 -13312 -32 ) (-12288 -13312 -248 ) 
4 211 212 (-11264 -14248 -248 ) (-11264 -14248 1016 ) (-11264 -13312 1016 ) (-11264 -13312 -248 ) 
4 212 338 (-12288 -14248 -248 ) (-12288 -14248 1016 ) (-12288 -14048 1016 ) (-12288 -14048 -248 ) 
4 212 337 (-12288 -13312 -32 ) (-12288 -13312 -248 ) (-12288 -14048 -248 ) (-12288 -14048 -32 ) 
4 212 335 (-12288 -13312 336 ) (-12288 -13312 -32 ) (-12288 -14048 -32 ) (-12288 -14048 336 ) 
4 212 334 (-12288 -13312 352 ) (-12288 -13312 336 ) (-12288 -14048 336 ) (-12288 -14048 352 ) 
4 212 331 (-12288 -14048 1016 ) (-12288 -13312 1016 ) (-12288 -13312 352 ) (-12288 -14048 352 ) 
4 213 260 (-13312 -11264 1016 ) (-13312 -11264 352 ) (-13312 -12288 352 ) (-13312 -12288 1016 ) 
4 213 232 (-12608 -12288 1016 ) (-13312 -12288 1016 ) (-13312 -12288 352 ) (-12608 -12288 352 ) 
4 213 231 (-12288 -12288 352 ) (-12288 -12288 1016 ) (-12608 -12288 1016 ) (-12608 -12288 352 ) 
3 213 217 (-13088 -11808 352 ) (-13280 -11808 352 ) (-13280 -11616 352 ) 
4 213 216 (-13280 -11264 352 ) (-12608 -11264 352 ) (-12608 -11360 352 ) (-13280 -11360 352 ) 
4 213 218 (-13312 -11808 352 ) (-13312 -11264 352 ) (-13280 -11264 352 ) (-13280 -11808 352 ) 
4 213 214 (-12608 -11392 352 ) (-12608 -11264 352 ) (-12288 -11264 352 ) (-12288 -11392 352 ) 
4 213 215 (-12288 -12288 352 ) (-12608 -12288 352 ) (-12608 -11904 352 ) (-12288 -11904 352 ) 
4 214 219 (-12608 -11264 320 ) (-12288 -11264 320 ) (-12288 -11360 320 ) (-12608 -11360 320 ) 
4 214 216 (-12608 -11264 320 ) (-12608 -11360 320 ) (-12608 -11360 352 ) (-12608 -11264 352 ) 
4 215 231 (-12288 -12288 320 ) (-12288 -12288 352 ) (-12608 -12288 352 ) (-12608 -12288 320 ) 
4 215 226 (-12288 -12128 320 ) (-12288 -12160 320 ) (-12608 -12160 320 ) (-12608 -12128 320 ) 
4 215 225 (-12288 -11904 320 ) (-12288 -12128 320 ) (-12608 -12128 320 ) (-12608 -11904 320 ) 
4 215 227 (-12288 -12160 320 ) (-12288 -12288 320 ) (-12608 -12288 320 ) (-12608 -12160 320 ) 
4 216 219 (-13280 -11264 320 ) (-12608 -11264 320 ) (-12608 -11360 320 ) (-13280 -11360 320 ) 
4 216 218 (-13280 -11264 320 ) (-13280 -11360 320 ) (-13280 -11360 352 ) (-13280 -11264 352 ) 
4 217 223 (-13216 -11808 320 ) (-13280 -11808 320 ) (-13280 -11616 320 ) (-13216 -11680 320 ) 
3 217 222 (-13088 -11808 320 ) (-13216 -11808 320 ) (-13216 -11680 320 ) 
4 217 218 (-13280 -11616 320 ) (-13280 -11808 320 ) (-13280 -11808 352 ) (-13280 -11616 352 ) 
4 218 224 (-13312 -11808 320 ) (-13312 -11392 320 ) (-13280 -11392 320 ) (-13280 -11808 320 ) 
4 218 219 (-13312 -11360 320 ) (-13312 -11264 320 ) (-13280 -11264 320 ) (-13280 -11360 320 ) 
4 219 264 (-13312 -11264 320 ) (-13312 -11264 160 ) (-13312 -11360 160 ) (-13312 -11360 320 ) 
4 220 228 (-13024 -11808 160 ) (-12640 -11808 160 ) (-12640 -11808 320 ) (-13024 -11808 320 ) 
4 220 225 (-12608 -11808 160 ) (-12288 -11808 160 ) (-12288 -11808 320 ) (-12608 -11808 320 ) 
4 220 221 (-13024 -11392 320 ) (-13024 -11392 160 ) (-13024 -11744 160 ) (-13024 -11744 320 ) 
4 221 222 (-13088 -11392 320 ) (-13088 -11392 160 ) (-13088 -11744 160 ) (-13088 -11744 320 ) 
4 222 228 (-13216 -11808 160 ) (-13088 -11808 160 ) (-13088 -11808 320 ) (-13216 -11808 320 ) 
4 222 223 (-13216 -11456 160 ) (-13216 -11808 160 ) (-13216 -11808 320 ) (-13216 -11456 320 ) 
4 223 228 (-13280 -11808 160 ) (-13216 -11808 160 ) (-13216 -11808 320 ) (-13280 -11808 320 ) 
4 223 224 (-13280 -11456 160 ) (-13280 -11808 160 ) (-13280 -11808 320 ) (-13280 -11456 320 ) 
4 224 265 (-13312 -11616 160 ) (-13312 -11776 160 ) (-13312 -11776 320 ) (-13312 -11616 320 ) 
4 224 228 (-13312 -11808 160 ) (-13280 -11808 160 ) (-13280 -11808 320 ) (-13312 -11808 320 ) 
4 225 226 (-12608 -12128 320 ) (-12608 -12128 288 ) (-12288 -12128 288 ) (-12288 -12128 320 ) 
4 226 227 (-12608 -12160 320 ) (-12608 -12160 288 ) (-12288 -12160 288 ) (-12288 -12160 320 ) 
4 227 233 (-12288 -12288 160 ) (-12288 -12288 320 ) (-12608 -12288 320 ) (-12608 -12288 160 ) 
4 228 235 (-13024 -12288 320 ) (-13312 -12288 320 ) (-13312 -12288 160 ) (-13024 -12288 160 ) 
4 228 234 (-12640 -12288 320 ) (-13024 -12288 320 ) (-13024 -12288 160 ) (-12640 -12288 160 ) 
4 229 236 (-12288 -12288 0 ) (-12288 -12288 128 ) (-13152 -12288 128 ) (-13152 -12288 0 ) 
4 230 298 (-13312 -11808 -248 ) (-13312 -12288 -248 ) (-13312 -12288 -32 ) (-13312 -11808 -32 ) 
4 230 296 (-13312 -11264 -32 ) (-13312 -11264 -248 ) (-13312 -11808 -248 ) (-13312 -11808 -32 ) 
4 230 237 (-12288 -12288 -248 ) (-12288 -12288 -32 ) (-13312 -12288 -32 ) (-13312 -12288 -248 ) 
4 231 239 (-12608 -12512 320 ) (-12288 -12512 320 ) (-12288 -12512 352 ) (-12608 -12512 352 ) 
4 231 238 (-12288 -12512 352 ) (-12288 -12512 1016 ) (-12608 -12512 1016 ) (-12608 -12512 352 ) 
4 231 233 (-12288 -12512 320 ) (-12608 -12512 320 ) (-12608 -12288 320 ) (-12288 -12288 320 ) 
4 231 232 (-12608 -12512 352 ) (-12608 -12512 1016 ) (-12608 -12288 1016 ) (-12608 -12288 352 ) 
4 232 299 (-13312 -12512 352 ) (-13312 -12512 1016 ) (-13312 -12288 1016 ) (-13312 -12288 352 ) 
4 232 250 (-13312 -12512 1016 ) (-13312 -12512 384 ) (-13024 -12512 384 ) (-13024 -12512 1016 ) 
4 232 238 (-13024 -12512 352 ) (-12608 -12512 352 ) (-12608 -12512 1016 ) (-13024 -12512 1016 ) 
4 233 241 (-12608 -12512 160 ) (-12288 -12512 160 ) (-12288 -12512 320 ) (-12608 -12512 320 ) 
4 234 243 (-13024 -12512 160 ) (-12640 -12512 160 ) (-12640 -12512 320 ) (-13024 -12512 320 ) 
4 234 235 (-13024 -12288 160 ) (-13024 -12480 160 ) (-13024 -12480 320 ) (-13024 -12288 320 ) 
4 235 301 (-13312 -12480 320 ) (-13312 -12288 320 ) (-13312 -12288 160 ) (-13312 -12480 160 ) 
4 236 314 (-13312 -12480 128 ) (-13312 -12288 128 ) (-13312 -12288 0 ) (-13312 -12480 0 ) 
4 236 246 (-13024 -12512 0 ) (-12288 -12512 0 ) (-12288 -12512 128 ) (-13024 -12512 128 ) 
4 237 324 (-13312 -12512 -248 ) (-13312 -12512 -32 ) (-13312 -12288 -32 ) (-13312 -12288 -248 ) 
4 237 256 (-13312 -12512 -32 ) (-13312 -12512 -248 ) (-13024 -12512 -248 ) (-13024 -12512 -32 ) 
4 237 249 (-13024 -12512 -248 ) (-12288 -12512 -248 ) (-12288 -12512 -32 ) (-13024 -12512 -32 ) 
4 238 331 (-12288 -13312 352 ) (-12288 -13312 1016 ) (-13024 -13312 1016 ) (-13024 -13312 352 ) 
4 238 252 (-13024 -13280 352 ) (-13024 -13312 352 ) (-13024 -13312 384 ) (-13024 -13280 384 ) 
4 238 250 (-13024 -12512 1016 ) (-13024 -12512 384 ) (-13024 -13312 384 ) (-13024 -13312 1016 ) 
4 238 240 (-13024 -13312 352 ) (-13024 -13024 352 ) (-12608 -13024 352 ) (-12608 -13312 352 ) 
4 238 239 (-12608 -12512 352 ) (-12288 -12512 352 ) (-12288 -13312 352 ) (-12608 -13312 352 ) 
4 239 335 (-12288 -13312 320 ) (-12288 -13312 336 ) (-12608 -13312 336 ) (-12608 -13312 320 ) 
4 239 334 (-12288 -13312 336 ) (-12288 -13312 352 ) (-12608 -13312 352 ) (-12608 -13312 336 ) 
4 239 241 (-12288 -13312 320 ) (-12608 -13312 320 ) (-12608 -12512 320 ) (-12288 -12512 320 ) 
4 239 240 (-12608 -13024 320 ) (-12608 -13312 320 ) (-12608 -13312 352 ) (-12608 -13024 352 ) 
4 240 335 (-13024 -13312 336 ) (-13024 -13312 320 ) (-12608 -13312 320 ) (-12608 -13312 336 ) 
4 240 334 (-12608 -13312 352 ) (-13024 -13312 352 ) (-13024 -13312 336 ) (-12608 -13312 336 ) 
4 240 252 (-13024 -13280 320 ) (-13024 -13312 320 ) (-13024 -13312 352 ) (-13024 -13280 352 ) 
4 240 244 (-12640 -13312 320 ) (-13024 -13312 320 ) (-13024 -13024 320 ) (-12640 -13024 320 ) 
4 240 242 (-12608 -13312 320 ) (-12640 -13312 320 ) (-12640 -13024 320 ) (-12608 -13024 320 ) 
4 241 335 (-12288 -13312 160 ) (-12288 -13312 320 ) (-12608 -13312 320 ) (-12608 -13312 160 ) 
4 241 245 (-12288 -13280 160 ) (-12288 -13312 160 ) (-12608 -13312 160 ) (-12608 -13280 160 ) 
4 241 242 (-12608 -13024 160 ) (-12608 -13312 160 ) (-12608 -13312 320 ) (-12608 -13024 320 ) 
4 242 335 (-12608 -13312 320 ) (-12640 -13312 320 ) (-12640 -13312 160 ) (-12608 -13312 160 ) 
4 242 245 (-12608 -13280 160 ) (-12608 -13312 160 ) (-12640 -13312 160 ) (-12640 -13280 160 ) 
4 242 244 (-12640 -13024 160 ) (-12640 -13312 160 ) (-12640 -13312 320 ) (-12640 -13024 320 ) 
4 244 335 (-12640 -13312 320 ) (-13024 -13312 320 ) (-13024 -13312 160 ) (-12640 -13312 160 ) 
4 244 252 (-13024 -13280 160 ) (-13024 -13312 160 ) (-13024 -13312 320 ) (-13024 -13280 320 ) 
4 244 245 (-13024 -13312 160 ) (-13024 -13280 160 ) (-12640 -13280 160 ) (-12640 -13312 160 ) 
4 245 335 (-12288 -13312 128 ) (-12288 -13312 160 ) (-13024 -13312 160 ) (-13024 -13312 128 ) 
4 245 252 (-13024 -13280 128 ) (-13024 -13312 128 ) (-13024 -13312 160 ) (-13024 -13280 160 ) 
4 245 247 (-13024 -13312 128 ) (-13024 -13280 128 ) (-12288 -13280 128 ) (-12288 -13312 128 ) 
4 246 254 (-13024 -12576 0 ) (-13024 -13184 0 ) (-13024 -13184 128 ) (-13024 -12576 128 ) 
4 247 335 (-12288 -13312 0 ) (-12288 -13312 128 ) (-13024 -13312 128 ) (-13024 -13312 0 ) 
4 247 257 (-13024 -13280 0 ) (-13024 -13312 0 ) (-13024 -13312 128 ) (-13024 -13280 128 ) 
4 247 248 (-12288 -13312 0 ) (-13024 -13312 0 ) (-13024 -13280 0 ) (-12288 -13280 0 ) 
4 248 335 (-12288 -13312 -32 ) (-12288 -13312 0 ) (-13024 -13312 0 ) (-13024 -13312 -32 ) 
4 248 257 (-13024 -13280 -32 ) (-13024 -13312 -32 ) (-13024 -13312 0 ) (-13024 -13280 0 ) 
4 248 249 (-13024 -13312 -32 ) (-13024 -13280 -32 ) (-12288 -13280 -32 ) (-12288 -13312 -32 ) 
4 249 337 (-12288 -13312 -248 ) (-12288 -13312 -32 ) (-13024 -13312 -32 ) (-13024 -13312 -248 ) 
4 249 259 (-13024 -13248 -248 ) (-13024 -13312 -248 ) (-13024 -13312 -32 ) (-13024 -13248 -32 ) 
4 249 256 (-13024 -12512 -32 ) (-13024 -12512 -248 ) (-13024 -13248 -248 ) (-13024 -13248 -32 ) 
4 250 332 (-13120 -13312 1016 ) (-13312 -13312 1016 ) (-13312 -13312 384 ) (-13120 -13312 384 ) 
4 250 331 (-13024 -13312 384 ) (-13024 -13312 1016 ) (-13120 -13312 1016 ) (-13120 -13312 384 ) 
4 250 303 (-13312 -13312 384 ) (-13312 -13312 1016 ) (-13312 -12512 1016 ) (-13312 -12512 384 ) 
4 250 252 (-13024 -13280 384 ) (-13024 -13312 384 ) (-13120 -13312 384 ) (-13120 -13280 384 ) 
4 251 310 (-13312 -13184 160 ) (-13312 -13184 128 ) (-13312 -13280 128 ) (-13312 -13280 160 ) 
4 251 258 (-13312 -13280 128 ) (-13312 -13248 128 ) (-13152 -13248 128 ) (-13152 -13280 128 ) 
4 251 255 (-13312 -13248 128 ) (-13312 -13184 128 ) (-13152 -13184 128 ) (-13152 -13248 128 ) 
4 251 253 (-13312 -13280 128 ) (-13152 -13280 128 ) (-13152 -13280 160 ) (-13312 -13280 160 ) 
4 252 335 (-13024 -13312 128 ) (-13024 -13312 336 ) (-13120 -13312 336 ) (-13120 -13312 128 ) 
4 252 334 (-13024 -13312 336 ) (-13024 -13312 352 ) (-13120 -13312 352 ) (-13120 -13312 336 ) 
4 252 331 (-13024 -13312 352 ) (-13024 -13312 384 ) (-13120 -13312 384 ) (-13120 -13312 352 ) 
4 252 257 (-13120 -13280 128 ) (-13024 -13280 128 ) (-13024 -13312 128 ) (-13120 -13312 128 ) 
4 253 336 (-13312 -13312 336 ) (-13312 -13312 128 ) (-13152 -13312 128 ) (-13152 -13312 336 ) 
4 253 310 (-13312 -13312 128 ) (-13312 -13312 160 ) (-13312 -13280 160 ) (-13312 -13280 128 ) 
4 253 304 (-13312 -13312 160 ) (-13312 -13312 336 ) (-13312 -13280 336 ) (-13312 -13280 160 ) 
4 253 258 (-13312 -13312 128 ) (-13312 -13280 128 ) (-13152 -13280 128 ) (-13152 -13312 128 ) 
4 254 255 (-13088 -12576 128 ) (-13088 -12576 0 ) (-13088 -13184 0 ) (-13088 -13184 128 ) 
4 255 316 (-13312 -13248 0 ) (-13312 -13248 128 ) (-13312 -12576 128 ) (-13312 -12576 0 ) 
4 255 258 (-13152 -13248 128 ) (-13312 -13248 128 ) (-13312 -13248 0 ) (-13152 -13248 0 ) 
4 256 324 (-13312 -13248 -248 ) (-13312 -13248 -32 ) (-13312 -12512 -32 ) (-13312 -12512 -248 ) 
4 256 259 (-13024 -13248 -248 ) (-13024 -13248 -32 ) (-13312 -13248 -32 ) (-13312 -13248 -248 ) 
4 257 335 (-13024 -13312 -32 ) (-13024 -13312 128 ) (-13120 -13312 128 ) (-13120 -13312 -32 ) 
4 257 259 (-13024 -13280 -32 ) (-13024 -13312 -32 ) (-13120 -13312 -32 ) (-13120 -13280 -32 ) 
4 258 336 (-13152 -13312 128 ) (-13312 -13312 128 ) (-13312 -13312 -16 ) (-13152 -13312 -16 ) 
4 258 325 (-13312 -13312 -16 ) (-13312 -13312 128 ) (-13312 -13248 128 ) (-13312 -13248 -16 ) 
4 259 337 (-13024 -13312 -248 ) (-13024 -13312 -32 ) (-13312 -13312 -32 ) (-13312 -13312 -248 ) 
4 259 330 (-13312 -13312 -248 ) (-13312 -13312 -32 ) (-13312 -13248 -32 ) (-13312 -13248 -248 ) 
4 260 299 (-13312 -12288 352 ) (-13312 -12288 1016 ) (-13728 -12288 1016 ) (-13728 -12288 352 ) 
4 260 300 (-13728 -12288 1016 ) (-14312 -12288 1016 ) (-14312 -12288 352 ) (-13728 -12288 352 ) 
4 260 263 (-14096 -12288 352 ) (-14312 -12288 352 ) (-14312 -11264 352 ) (-14096 -11264 352 ) 
4 260 262 (-13872 -12288 352 ) (-14096 -12288 352 ) (-14096 -11808 352 ) (-13872 -11808 352 ) 
4 260 261 (-13728 -12288 352 ) (-13872 -12288 352 ) (-13872 -11808 352 ) (-13728 -11808 352 ) 
4 261 300 (-13728 -12288 352 ) (-13872 -12288 352 ) (-13872 -12288 320 ) (-13728 -12288 320 ) 
4 261 275 (-13728 -12288 320 ) (-13872 -12288 320 ) (-13872 -11840 320 ) (-13728 -11840 320 ) 
4 261 271 (-13872 -11840 320 ) (-13872 -11808 320 ) (-13728 -11808 320 ) (-13728 -11840 320 ) 
4 261 262 (-13872 -11808 320 ) (-13872 -12288 320 ) (-13872 -12288 352 ) (-13872 -11808 352 ) 
4 262 300 (-13872 -12288 352 ) (-14096 -12288 352 ) (-14096 -12288 320 ) (-13872 -12288 320 ) 
4 262 275 (-13872 -11840 320 ) (-13872 -12288 320 ) (-14096 -12288 320 ) (-14096 -11840 320 ) 
4 262 271 (-13872 -11808 320 ) (-13872 -11840 320 ) (-14096 -11840 320 ) (-14096 -11808 320 ) 
4 262 263 (-14096 -11808 320 ) (-14096 -12288 320 ) (-14096 -12288 352 ) (-14096 -11808 352 ) 
4 263 300 (-14096 -12288 352 ) (-14312 -12288 352 ) (-14312 -12288 320 ) (-14096 -12288 320 ) 
4 263 275 (-14096 -11840 320 ) (-14096 -12288 320 ) (-14312 -12288 320 ) (-14312 -11840 320 ) 
4 263 272 (-14128 -11840 320 ) (-14160 -11840 320 ) (-14160 -11808 320 ) (-14128 -11808 320 ) 
4 263 273 (-14160 -11840 320 ) (-14312 -11840 320 ) (-14312 -11808 320 ) (-14160 -11808 320 ) 
4 263 271 (-14096 -11808 320 ) (-14096 -11840 320 ) (-14128 -11840 320 ) (-14128 -11808 320 ) 
4 263 269 (-14160 -11264 320 ) (-14128 -11264 320 ) (-14128 -11808 320 ) (-14160 -11808 320 ) 
4 263 268 (-14128 -11264 320 ) (-14096 -11264 320 ) (-14096 -11808 320 ) (-14128 -11808 320 ) 
4 263 270 (-14312 -11264 320 ) (-14160 -11264 320 ) (-14160 -11808 320 ) (-14312 -11808 320 ) 
4 264 276 (-13344 -11360 160 ) (-13344 -11264 160 ) (-13312 -11264 160 ) (-13312 -11360 160 ) 
4 265 266 (-13344 -11616 160 ) (-13344 -11776 160 ) (-13344 -11776 320 ) (-13344 -11616 320 ) 
4 266 267 (-13376 -11616 160 ) (-13376 -11776 160 ) (-13376 -11776 320 ) (-13376 -11616 320 ) 
4 268 271 (-14096 -11808 176 ) (-14096 -11808 320 ) (-14128 -11808 320 ) (-14128 -11808 176 ) 
4 268 269 (-14128 -11808 176 ) (-14128 -11808 320 ) (-14128 -11264 320 ) (-14128 -11264 176 ) 
4 269 272 (-14128 -11808 176 ) (-14128 -11808 320 ) (-14160 -11808 320 ) (-14160 -11808 176 ) 
4 269 270 (-14160 -11808 176 ) (-14160 -11808 320 ) (-14160 -11264 320 ) (-14160 -11264 176 ) 
4 270 280 (-14312 -11264 160 ) (-14160 -11264 160 ) (-14160 -11808 160 ) (-14312 -11808 160 ) 
4 270 273 (-14312 -11808 160 ) (-14160 -11808 160 ) (-14160 -11808 320 ) (-14312 -11808 320 ) 
4 271 275 (-13728 -11840 176 ) (-13728 -11840 320 ) (-14128 -11840 320 ) (-14128 -11840 176 ) 
4 271 272 (-14128 -11808 320 ) (-14128 -11808 176 ) (-14128 -11840 176 ) (-14128 -11840 320 ) 
4 272 275 (-14128 -11840 176 ) (-14128 -11840 320 ) (-14160 -11840 320 ) (-14160 -11840 176 ) 
4 272 273 (-14160 -11808 320 ) (-14160 -11808 176 ) (-14160 -11840 176 ) (-14160 -11840 320 ) 
4 273 282 (-14312 -11808 160 ) (-14160 -11808 160 ) (-14160 -11840 160 ) (-14312 -11840 160 ) 
4 273 275 (-14312 -11840 160 ) (-14160 -11840 160 ) (-14160 -11840 320 ) (-14312 -11840 320 ) 
4 274 301 (-13344 -12288 320 ) (-13696 -12288 320 ) (-13696 -12288 160 ) (-13344 -12288 160 ) 
4 274 284 (-13552 -12160 160 ) (-13552 -12128 160 ) (-13536 -12128 160 ) (-13536 -12160 160 ) 
4 274 285 (-13536 -12288 160 ) (-13552 -12288 160 ) (-13552 -12160 160 ) (-13536 -12160 160 ) 
4 274 286 (-13552 -12288 160 ) (-13696 -12288 160 ) (-13696 -12128 160 ) (-13552 -12128 160 ) 
4 274 283 (-13696 -11840.799805 160 ) (-13696 -11840 160 ) (-13536 -11840 160 ) (-13536 -11840.799805 160 ) 
4 275 302 (-13728 -12288 320 ) (-14312 -12288 320 ) (-14312 -12288 160 ) (-13728 -12288 160 ) 
4 275 287 (-13728 -12288 160 ) (-14312 -12288 160 ) (-14312 -11840 160 ) (-13728 -11840 160 ) 
4 276 294 (-13344 -11264 0 ) (-13312 -11264 0 ) (-13312 -11392 0 ) (-13344 -11392 0 ) 
4 276 277 (-13344 -11392 128 ) (-13344 -11392 0 ) (-13312 -11392 0 ) (-13312 -11392 128 ) 
4 277 294 (-13312 -11392 0 ) (-13312 -11616 0 ) (-13344 -11616 0 ) (-13344 -11392 0 ) 
4 277 278 (-13344 -11616 128 ) (-13344 -11616 0 ) (-13312 -11616 0 ) (-13312 -11616 128 ) 
4 278 294 (-13312 -11616 0 ) (-13312 -11808 0 ) (-13344 -11808 0 ) (-13344 -11616 0 ) 
4 279 281 (-13536 -11808 0 ) (-13376 -11808 0 ) (-13376 -11808 128 ) (-13536 -11808 128 ) 
4 280 295 (-14312 -11264 0 ) (-14160 -11264 0 ) (-14160 -11808 0 ) (-14312 -11808 0 ) 
4 280 282 (-14312 -11808 0 ) (-14160 -11808 0 ) (-14160 -11808 160 ) (-14312 -11808 160 ) 
4 281 288 (-13536 -11840 0 ) (-13344 -11840 0 ) (-13344 -11840 128 ) (-13536 -11840 128 ) 
4 282 297 (-14312 -11808 0 ) (-14160 -11808 0 ) (-14160 -11840 0 ) (-14312 -11840 0 ) 
4 282 293 (-14312 -11840 0 ) (-14160 -11840 0 ) (-14160 -11840 128 ) (-14312 -11840 128 ) 
4 282 287 (-14160 -11840 128 ) (-14160 -11840 160 ) (-14312 -11840 160 ) (-14312 -11840 128 ) 
4 283 291 (-13696 -11840 128 ) (-13552 -11840 128 ) (-13552 -11840.799805 128 ) (-13696 -11840.799805 128 ) 
4 283 289 (-13552 -11840 128 ) (-13536 -11840 128 ) (-13536 -11840.799805 128 ) (-13552 -11840.799805 128 ) 
4 284 285 (-13552 -12160 160 ) (-13552 -12160 144 ) (-13536 -12160 144 ) (-13536 -12160 160 ) 
4 284 286 (-13552 -12128 160 ) (-13552 -12128 144 ) (-13552 -12160 144 ) (-13552 -12160 160 ) 
4 285 307 (-13536 -12288 160 ) (-13552 -12288 160 ) (-13552 -12288 128 ) (-13536 -12288 128 ) 
4 285 290 (-13536 -12160 128 ) (-13536 -12288 128 ) (-13552 -12288 128 ) (-13552 -12160 128 ) 
4 285 286 (-13552 -12160 128 ) (-13552 -12288 128 ) (-13552 -12288 160 ) (-13552 -12160 160 ) 
4 286 307 (-13552 -12288 160 ) (-13696 -12288 160 ) (-13696 -12288 128 ) (-13552 -12288 128 ) 
4 286 292 (-13552 -12288 128 ) (-13696 -12288 128 ) (-13696 -12128 128 ) (-13552 -12128 128 ) 
4 287 308 (-13728 -12288 160 ) (-14312 -12288 160 ) (-14312 -12288 128 ) (-13728 -12288 128 ) 
4 287 293 (-14312 -11840 128 ) (-13728 -11840 128 ) (-13728 -12288 128 ) (-14312 -12288 128 ) 
4 288 314 (-13344 -12288 128 ) (-13536 -12288 128 ) (-13536 -12288 0 ) (-13344 -12288 0 ) 
4 288 290 (-13536 -12288 128 ) (-13536 -12160 128 ) (-13536 -12160 0 ) (-13536 -12288 0 ) 
4 288 289 (-13536 -12064 128 ) (-13536 -11840 128 ) (-13536 -11840 0 ) (-13536 -12064 0 ) 
4 289 291 (-13552 -12064 128 ) (-13552 -11840 128 ) (-13552 -11840 0 ) (-13552 -12064 0 ) 
4 290 314 (-13536 -12288 128 ) (-13552 -12288 128 ) (-13552 -12288 0 ) (-13536 -12288 0 ) 
4 290 292 (-13552 -12288 128 ) (-13552 -12160 128 ) (-13552 -12160 0 ) (-13552 -12288 0 ) 
4 292 314 (-13552 -12288 128 ) (-13696 -12288 128 ) (-13696 -12288 0 ) (-13552 -12288 0 ) 
4 293 315 (-13728 -12288 128 ) (-14312 -12288 128 ) (-14312 -12288 0 ) (-13728 -12288 0 ) 
4 293 297 (-14312 -11840 0 ) (-13728 -11840 0 ) (-13728 -12288 0 ) (-14312 -12288 0 ) 
4 294 296 (-13312 -11808 -16 ) (-13344 -11808 -16 ) (-13344 -11264 -16 ) (-13312 -11264 -16 ) 
4 295 297 (-14312 -11808 0 ) (-14312 -11808 -16 ) (-14160 -11808 -16 ) (-14160 -11808 0 ) 
4 295 296 (-14160 -11808 -16 ) (-14312 -11808 -16 ) (-14312 -11264 -16 ) (-14160 -11264 -16 ) 
4 296 298 (-14312 -11808 -32 ) (-14312 -11808 -248 ) (-13312 -11808 -248 ) (-13312 -11808 -32 ) 
4 296 297 (-14312 -11808 -16 ) (-14312 -11808 -32 ) (-13728 -11808 -32 ) (-13728 -11808 -16 ) 
4 297 322 (-13728 -12288 0 ) (-14312 -12288 0 ) (-14312 -12288 -32 ) (-13728 -12288 -32 ) 
4 297 298 (-13728 -12288 -32 ) (-14312 -12288 -32 ) (-14312 -11808 -32 ) (-13728 -11808 -32 ) 
4 298 324 (-13312 -12288 -248 ) (-13312 -12288 -32 ) (-14312 -12288 -32 ) (-14312 -12288 -248 ) 
4 299 303 (-13312 -12512 384 ) (-13312 -12512 1016 ) (-13728 -12512 1016 ) (-13728 -12512 384 ) 
4 299 300 (-13728 -12512 352 ) (-13728 -12512 1016 ) (-13728 -12288 1016 ) (-13728 -12288 352 ) 
4 300 306 (-14312 -12512 384 ) (-14312 -12512 320 ) (-14208 -12512 320 ) (-14208 -12512 384 ) 
4 300 303 (-13728 -12512 1016 ) (-14312 -12512 1016 ) (-14312 -12512 384 ) (-13728 -12512 384 ) 
4 300 302 (-13728 -12512 320 ) (-14312 -12512 320 ) (-14312 -12288 320 ) (-13728 -12288 320 ) 
4 301 307 (-13696 -12288 160 ) (-13536 -12288 160 ) (-13536 -12480 160 ) (-13696 -12480 160 ) 
4 302 308 (-14312 -12288 160 ) (-13728 -12288 160 ) (-13728 -12512 160 ) (-14312 -12512 160 ) 
4 302 306 (-14312 -12512 160 ) (-14208 -12512 160 ) (-14208 -12512 320 ) (-14312 -12512 320 ) 
4 303 348 (-13600 -13312 1016 ) (-14208 -13312 1016 ) (-14208 -13312 384 ) (-13600 -13312 384 ) 
4 303 349 (-14208 -13312 1016 ) (-14312 -13312 1016 ) (-14312 -13312 384 ) (-14208 -13312 384 ) 
4 303 342 (-13312 -13312 384 ) (-13312 -13312 1016 ) (-13600 -13312 1016 ) (-13600 -13312 384 ) 
4 303 306 (-14208 -13312 384 ) (-14312 -13312 384 ) (-14312 -12512 384 ) (-14208 -12512 384 ) 
4 304 344 (-13312 -13312 160 ) (-13312 -13312 336 ) (-13344 -13312 336 ) (-13344 -13312 160 ) 
4 304 310 (-13312 -13312 160 ) (-13344 -13312 160 ) (-13344 -13280 160 ) (-13312 -13280 160 ) 
4 305 345 (-13376 -13312 336 ) (-13568 -13312 336 ) (-13568 -13312 160 ) (-13376 -13312 160 ) 
4 305 312 (-13376 -13312 160 ) (-13568 -13312 160 ) (-13568 -13280 160 ) (-13376 -13280 160 ) 
4 306 349 (-14208 -13312 384 ) (-14312 -13312 384 ) (-14312 -13312 160 ) (-14208 -13312 160 ) 
4 306 313 (-14208 -13312 160 ) (-14312 -13312 160 ) (-14312 -13184 160 ) (-14208 -13184 160 ) 
4 306 309 (-14312 -13184 160 ) (-14312 -12512 160 ) (-14208 -12512 160 ) (-14208 -13184 160 ) 
4 307 314 (-13696 -12288 128 ) (-13536 -12288 128 ) (-13536 -12480 128 ) (-13696 -12480 128 ) 
4 308 315 (-14312 -12288 128 ) (-13728 -12288 128 ) (-13728 -12512 128 ) (-14312 -12512 128 ) 
4 308 309 (-14312 -12512 128 ) (-14208 -12512 128 ) (-14208 -12512 160 ) (-14312 -12512 160 ) 
4 309 321 (-14208 -13184 128 ) (-14312 -13184 128 ) (-14312 -12512 128 ) (-14208 -12512 128 ) 
4 309 313 (-14312 -13184 128 ) (-14208 -13184 128 ) (-14208 -13184 160 ) (-14312 -13184 160 ) 
4 310 344 (-13312 -13312 128 ) (-13312 -13312 160 ) (-13344 -13312 160 ) (-13344 -13312 128 ) 
4 310 325 (-13312 -13248 128 ) (-13312 -13312 128 ) (-13344 -13312 128 ) (-13344 -13248 128 ) 
4 310 316 (-13312 -13184 128 ) (-13312 -13248 128 ) (-13344 -13248 128 ) (-13344 -13184 128 ) 
4 310 311 (-13344 -13184 160 ) (-13344 -13184 128 ) (-13344 -13280 128 ) (-13344 -13280 160 ) 
4 311 326 (-13376 -13280 128 ) (-13376 -13248 128 ) (-13344 -13248 128 ) (-13344 -13280 128 ) 
4 311 316 (-13376 -13248 128 ) (-13376 -13184 128 ) (-13344 -13184 128 ) (-13344 -13248 128 ) 
4 311 312 (-13376 -13184 160 ) (-13376 -13184 128 ) (-13376 -13280 128 ) (-13376 -13280 160 ) 
4 312 345 (-13376 -13312 160 ) (-13568 -13312 160 ) (-13568 -13312 128 ) (-13376 -13312 128 ) 
4 312 327 (-13376 -13312 128 ) (-13568 -13312 128 ) (-13568 -13248 128 ) (-13376 -13248 128 ) 
4 312 316 (-13568 -13248 128 ) (-13568 -13184 128 ) (-13376 -13184 128 ) (-13376 -13248 128 ) 
4 313 349 (-14208 -13312 160 ) (-14312 -13312 160 ) (-14312 -13312 128 ) (-14208 -13312 128 ) 
4 313 329 (-14208 -13312 128 ) (-14312 -13312 128 ) (-14312 -13248 128 ) (-14208 -13248 128 ) 
4 313 321 (-14312 -13248 128 ) (-14312 -13184 128 ) (-14208 -13184 128 ) (-14208 -13248 128 ) 
4 315 322 (-14312 -12288 0 ) (-13728 -12288 0 ) (-13728 -12512 0 ) (-14312 -12512 0 ) 
4 315 321 (-14312 -12512 0 ) (-14208 -12512 0 ) (-14208 -12512 128 ) (-14312 -12512 128 ) 
4 316 327 (-13376 -13248 128 ) (-13568 -13248 128 ) (-13568 -13248 0 ) (-13376 -13248 0 ) 
4 316 326 (-13344 -13248 128 ) (-13376 -13248 128 ) (-13376 -13248 0 ) (-13344 -13248 0 ) 
4 316 325 (-13312 -13248 128 ) (-13344 -13248 128 ) (-13344 -13248 0 ) (-13312 -13248 0 ) 
4 316 317 (-13568 -12576 128 ) (-13568 -12576 0 ) (-13568 -13120 0 ) (-13568 -13120 128 ) 
4 317 318 (-13600 -12576 128 ) (-13600 -12576 0 ) (-13600 -13120 0 ) (-13600 -13120 128 ) 
4 318 328 (-13600 -13248 128 ) (-13760 -13248 128 ) (-13760 -13248 0 ) (-13600 -13248 0 ) 
4 318 319 (-13760 -12576 128 ) (-13760 -12576 0 ) (-13760 -13184 0 ) (-13760 -13184 128 ) 
4 319 320 (-14016 -12576 128 ) (-14016 -12576 0 ) (-14016 -13184 0 ) (-14016 -13184 128 ) 
4 320 328 (-14016 -13248 128 ) (-14144 -13248 128 ) (-14144 -13248 0 ) (-14016 -13248 0 ) 
4 321 329 (-14208 -13248 128 ) (-14312 -13248 128 ) (-14312 -13248 0 ) (-14208 -13248 0 ) 
4 321 323 (-14208 -13248 0 ) (-14312 -13248 0 ) (-14312 -12512 0 ) (-14208 -12512 0 ) 
4 322 324 (-14312 -12512 -32 ) (-14312 -12288 -32 ) (-13728 -12288 -32 ) (-13728 -12512 -32 ) 
4 322 323 (-14312 -12512 0 ) (-14312 -12512 -32 ) (-14208 -12512 -32 ) (-14208 -12512 0 ) 
4 323 329 (-14208 -13248 0 ) (-14312 -13248 0 ) (-14312 -13248 -32 ) (-14208 -13248 -32 ) 
4 323 324 (-14208 -13248 -32 ) (-14312 -13248 -32 ) (-14312 -12512 -32 ) (-14208 -12512 -32 ) 
4 324 330 (-13312 -13248 -248 ) (-13312 -13248 -32 ) (-14312 -13248 -32 ) (-14312 -13248 -248 ) 
4 325 344 (-13312 -13312 -16 ) (-13312 -13312 128 ) (-13344 -13312 128 ) (-13344 -13312 -16 ) 
4 325 326 (-13344 -13248 128 ) (-13344 -13248 -16 ) (-13344 -13280 -16 ) (-13344 -13280 128 ) 
4 326 327 (-13376 -13248 128 ) (-13376 -13248 -16 ) (-13376 -13280 -16 ) (-13376 -13280 128 ) 
4 327 345 (-13376 -13312 128 ) (-13568 -13312 128 ) (-13568 -13312 -16 ) (-13376 -13312 -16 ) 
4 328 351 (-13600 -13312 128 ) (-14144 -13312 128 ) (-14144 -13312 0 ) (-13600 -13312 0 ) 
4 329 352 (-14208 -13312 128 ) (-14312 -13312 128 ) (-14312 -13312 -32 ) (-14208 -13312 -32 ) 
4 329 330 (-14312 -13248 -32 ) (-14208 -13248 -32 ) (-14208 -13312 -32 ) (-14312 -13312 -32 ) 
4 330 355 (-13312 -13312 -248 ) (-13312 -13312 -32 ) (-14312 -13312 -32 ) (-14312 -13312 -248 ) 
4 331 338 (-13120 -14048 352 ) (-12288 -14048 352 ) (-12288 -14048 1016 ) (-13120 -14048 1016 ) 
4 331 334 (-12288 -14048 352 ) (-13120 -14048 352 ) (-13120 -13312 352 ) (-12288 -13312 352 ) 
4 331 332 (-13120 -13984 384 ) (-13120 -13984 1016 ) (-13120 -13312 1016 ) (-13120 -13312 384 ) 
4 331 333 (-13120 -13984 352 ) (-13120 -14048 352 ) (-13120 -14048 1016 ) (-13120 -13984 1016 ) 
4 332 342 (-13312 -13312 1016 ) (-13312 -13312 384 ) (-13312 -13984 384 ) (-13312 -13984 1016 ) 
4 332 333 (-13120 -13984 384 ) (-13120 -13984 1016 ) (-13312 -13984 1016 ) (-13312 -13984 384 ) 
4 333 343 (-13312 -13984 352 ) (-13312 -14048 352 ) (-13312 -14048 1016 ) (-13312 -13984 1016 ) 
4 333 339 (-13312 -14048 1016 ) (-13312 -14048 352 ) (-13120 -14048 352 ) (-13120 -14048 1016 ) 
4 334 338 (-13120 -14048 336 ) (-12288 -14048 336 ) (-12288 -14048 352 ) (-13120 -14048 352 ) 
4 334 335 (-12288 -14048 336 ) (-13120 -14048 336 ) (-13120 -13312 336 ) (-12288 -13312 336 ) 
4 335 338 (-13120 -14048 -32 ) (-12288 -14048 -32 ) (-12288 -14048 336 ) (-13120 -14048 336 ) 
4 335 337 (-12288 -14048 -32 ) (-13120 -14048 -32 ) (-13120 -13312 -32 ) (-12288 -13312 -32 ) 
4 336 344 (-13312 -13312 336 ) (-13312 -13312 -16 ) (-13312 -14048 -16 ) (-13312 -14048 336 ) 
4 336 339 (-13312 -14048 336 ) (-13312 -14048 160 ) (-13152 -14048 160 ) (-13152 -14048 336 ) 
4 337 355 (-13312 -13312 -32 ) (-13312 -13312 -248 ) (-13312 -14048 -248 ) (-13312 -14048 -32 ) 
4 337 340 (-13312 -14048 -32 ) (-13312 -14048 -248 ) (-13120 -14048 -248 ) (-13120 -14048 -32 ) 
4 337 338 (-13120 -14048 -248 ) (-12288 -14048 -248 ) (-12288 -14048 -32 ) (-13120 -14048 -32 ) 
4 338 339 (-13120 -14080 160 ) (-13120 -14080 1016 ) (-13120 -14048 1016 ) (-13120 -14048 160 ) 
4 338 340 (-13120 -14048 -248 ) (-13120 -14080 -248 ) (-13120 -14080 -32 ) (-13120 -14048 -32 ) 
4 338 341 (-13120 -14080 -248 ) (-13120 -14248 -248 ) (-13120 -14248 1016 ) (-13120 -14080 1016 ) 
4 339 346 (-13312 -14080 1016 ) (-13312 -14048 1016 ) (-13312 -14048 160 ) (-13312 -14080 160 ) 
4 339 341 (-13120 -14080 160 ) (-13120 -14080 1016 ) (-13312 -14080 1016 ) (-13312 -14080 160 ) 
4 340 355 (-13312 -14048 -32 ) (-13312 -14048 -248 ) (-13312 -14080 -248 ) (-13312 -14080 -32 ) 
4 340 341 (-13312 -14080 -248 ) (-13120 -14080 -248 ) (-13120 -14080 -32 ) (-13312 -14080 -32 ) 
4 341 355 (-13312 -14248 -248 ) (-13312 -14248 -32 ) (-13312 -14080 -32 ) (-13312 -14080 -248 ) 
4 341 347 (-13312 -14248 -32 ) (-13312 -14248 1016 ) (-13312 -14080 1016 ) (-13312 -14080 -32 ) 
4 342 350 (-13600 -13696 384 ) (-13600 -13984 384 ) (-13600 -13984 1016 ) (-13600 -13696 1016 ) 
4 342 348 (-13600 -13312 1016 ) (-13600 -13312 384 ) (-13600 -13696 384 ) (-13600 -13696 1016 ) 
4 342 343 (-13312 -13984 384 ) (-13312 -13984 1016 ) (-13600 -13984 1016 ) (-13600 -13984 384 ) 
4 343 350 (-13600 -13984 352 ) (-13600 -14048 352 ) (-13600 -14048 1016 ) (-13600 -13984 1016 ) 
4 343 346 (-13600 -14048 1016 ) (-13600 -14048 352 ) (-13312 -14048 352 ) (-13312 -14048 1016 ) 
4 344 346 (-13312 -14048 160 ) (-13312 -14048 336 ) (-13344 -14048 336 ) (-13344 -14048 160 ) 
4 345 346 (-13376 -14048 160 ) (-13376 -14048 336 ) (-13568 -14048 336 ) (-13568 -14048 160 ) 
4 346 350 (-13600 -14080 160 ) (-13600 -14080 1016 ) (-13600 -14048 1016 ) (-13600 -14048 160 ) 
4 346 347 (-13312 -14080 1016 ) (-13600 -14080 1016 ) (-13600 -14080 160 ) (-13312 -14080 160 ) 
4 347 355 (-13600 -14248 -32 ) (-13600 -14080 -32 ) (-13312 -14080 -32 ) (-13312 -14248 -32 ) 
4 347 354 (-13600 -14080 -32 ) (-13600 -14248 -32 ) (-13600 -14248 128 ) (-13600 -14080 128 ) 
4 347 350 (-13600 -14248 128 ) (-13600 -14248 1016 ) (-13600 -14080 1016 ) (-13600 -14080 128 ) 
4 348 350 (-13600 -13696 384 ) (-13600 -13696 1016 ) (-14208 -13696 1016 ) (-14208 -13696 384 ) 
4 348 349 (-14208 -13696 384 ) (-14208 -13696 1016 ) (-14208 -13312 1016 ) (-14208 -13312 384 ) 
4 349 353 (-14208 -13632 128 ) (-14208 -13696 128 ) (-14312 -13696 128 ) (-14312 -13632 128 ) 
4 349 352 (-14312 -13312 128 ) (-14208 -13312 128 ) (-14208 -13632 128 ) (-14312 -13632 128 ) 
4 349 350 (-14312 -13696 1016 ) (-14312 -13696 128 ) (-14208 -13696 128 ) (-14208 -13696 1016 ) 
4 350 354 (-13600 -13696 128 ) (-13600 -14248 128 ) (-14312 -14248 128 ) (-14312 -13696 128 ) 
4 352 355 (-14312 -13312 -32 ) (-14208 -13312 -32 ) (-14208 -13632 -32 ) (-14312 -13632 -32 ) 
4 352 353 (-14312 -13632 -32 ) (-14208 -13632 -32 ) (-14208 -13632 128 ) (-14312 -13632 128 ) 
4 353 355 (-14312 -13632 -32 ) (-14208 -13632 -32 ) (-14208 -13696 -32 ) (-14312 -13696 -32 ) 
4 353 354 (-14312 -13696 -32 ) (-14208 -13696 -32 ) (-14208 -13696 128 ) (-14312 -13696 128 ) 
4 354 355 (-14312 -14248 -32 ) (-14312 -13696 -32 ) (-13600 -13696 -32 ) (-13600 -14248 -32 ) 
